Compiled jquery.js  (6ms)  (pid 29797)
Compiled jquery_ujs.js  (1ms)  (pid 29797)
Compiled twitter/bootstrap/bootstrap-transition.js  (1ms)  (pid 29797)
Compiled twitter/bootstrap/bootstrap-alert.js  (1ms)  (pid 29797)
Compiled twitter/bootstrap/bootstrap-modal.js  (1ms)  (pid 29797)
Compiled twitter/bootstrap/bootstrap-dropdown.js  (2ms)  (pid 29797)
Compiled twitter/bootstrap/bootstrap-scrollspy.js  (1ms)  (pid 29797)
Compiled twitter/bootstrap/bootstrap-tab.js  (1ms)  (pid 29797)
Compiled twitter/bootstrap/bootstrap-tooltip.js  (1ms)  (pid 29797)
Compiled twitter/bootstrap/bootstrap-popover.js  (2ms)  (pid 29797)
Compiled twitter/bootstrap/bootstrap-button.js  (2ms)  (pid 29797)
Compiled twitter/bootstrap/bootstrap-collapse.js  (1ms)  (pid 29797)
Compiled twitter/bootstrap/bootstrap-carousel.js  (1ms)  (pid 29797)
Compiled twitter/bootstrap/bootstrap-typeahead.js  (1ms)  (pid 29797)
Compiled twitter/bootstrap/bootstrap-affix.js  (1ms)  (pid 29797)
Compiled twitter/bootstrap.js  (445ms)  (pid 29797)
Compiled jquery.inview.min.js  (1ms)  (pid 29797)
Compiled jquery.inview.js  (1ms)  (pid 29797)
Compiled bootstrap.js  (432ms)  (pid 29797)
Compiled endless.js  (0ms)  (pid 29797)
Compiled personal_infos.js  (5ms)  (pid 29797)
Compiled quastions.js  (19ms)  (pid 29797)
Compiled thoughts.js  (13ms)  (pid 29797)
Compiled users.js  (3ms)  (pid 29797)
Compiled application.js  (1368ms)  (pid 29797)
Compiled twitter-bootstrap-static/bootstrap.css  (285ms)  (pid 29797)
Compiled twitter-bootstrap-static/fontawesome.css  (143ms)  (pid 29797)
Compiled bootstrap_and_overrides.css  (494ms)  (pid 29797)
Compiled personal_infos.css  (46ms)  (pid 29797)
Compiled quastions.css  (148ms)  (pid 29797)
Compiled scaffolds.css  (62ms)  (pid 29797)
Compiled thoughts.css  (4ms)  (pid 29797)
Compiled users.css  (6ms)  (pid 29797)
Compiled application.css  (884ms)  (pid 29797)
Compiled jquery.js  (8ms)  (pid 30003)
Compiled jquery_ujs.js  (1ms)  (pid 30003)
Compiled twitter/bootstrap/bootstrap-transition.js  (2ms)  (pid 30003)
Compiled twitter/bootstrap/bootstrap-alert.js  (1ms)  (pid 30003)
Compiled twitter/bootstrap/bootstrap-modal.js  (1ms)  (pid 30003)
Compiled twitter/bootstrap/bootstrap-dropdown.js  (2ms)  (pid 30003)
Compiled twitter/bootstrap/bootstrap-scrollspy.js  (2ms)  (pid 30003)
Compiled twitter/bootstrap/bootstrap-tab.js  (1ms)  (pid 30003)
Compiled twitter/bootstrap/bootstrap-tooltip.js  (1ms)  (pid 30003)
Compiled twitter/bootstrap/bootstrap-popover.js  (2ms)  (pid 30003)
Compiled twitter/bootstrap/bootstrap-button.js  (1ms)  (pid 30003)
Compiled twitter/bootstrap/bootstrap-collapse.js  (1ms)  (pid 30003)
Compiled twitter/bootstrap/bootstrap-carousel.js  (1ms)  (pid 30003)
Compiled twitter/bootstrap/bootstrap-typeahead.js  (1ms)  (pid 30003)
Compiled twitter/bootstrap/bootstrap-affix.js  (1ms)  (pid 30003)
Compiled twitter/bootstrap.js  (446ms)  (pid 30003)
Compiled jquery.inview.min.js  (1ms)  (pid 30003)
Compiled jquery.inview.js  (2ms)  (pid 30003)
Compiled bootstrap.js  (448ms)  (pid 30003)
Compiled endless.js  (0ms)  (pid 30003)
Compiled personal_infos.js  (3ms)  (pid 30003)
Compiled quastions.js  (17ms)  (pid 30003)
Compiled thoughts.js  (14ms)  (pid 30003)
Compiled users.js  (3ms)  (pid 30003)
Compiled application.js  (1274ms)  (pid 30003)
Compiled twitter-bootstrap-static/bootstrap.css  (220ms)  (pid 30003)
Compiled twitter-bootstrap-static/fontawesome.css  (135ms)  (pid 30003)
Compiled bootstrap_and_overrides.css  (486ms)  (pid 30003)
Compiled personal_infos.css  (32ms)  (pid 30003)
Compiled quastions.css  (78ms)  (pid 30003)
Compiled scaffolds.css  (59ms)  (pid 30003)
Compiled thoughts.css  (4ms)  (pid 30003)
Compiled users.css  (7ms)  (pid 30003)
Compiled application.css  (865ms)  (pid 30003)
Compiled jquery.js  (7ms)  (pid 30068)
Compiled jquery_ujs.js  (1ms)  (pid 30068)
Compiled twitter/bootstrap/bootstrap-transition.js  (1ms)  (pid 30068)
Compiled twitter/bootstrap/bootstrap-alert.js  (2ms)  (pid 30068)
Compiled twitter/bootstrap/bootstrap-modal.js  (1ms)  (pid 30068)
Compiled twitter/bootstrap/bootstrap-dropdown.js  (1ms)  (pid 30068)
Compiled twitter/bootstrap/bootstrap-scrollspy.js  (1ms)  (pid 30068)
Compiled twitter/bootstrap/bootstrap-tab.js  (2ms)  (pid 30068)
Compiled twitter/bootstrap/bootstrap-tooltip.js  (1ms)  (pid 30068)
Compiled twitter/bootstrap/bootstrap-popover.js  (1ms)  (pid 30068)
Compiled twitter/bootstrap/bootstrap-button.js  (1ms)  (pid 30068)
Compiled twitter/bootstrap/bootstrap-collapse.js  (1ms)  (pid 30068)
Compiled twitter/bootstrap/bootstrap-carousel.js  (2ms)  (pid 30068)
Compiled twitter/bootstrap/bootstrap-typeahead.js  (1ms)  (pid 30068)
Compiled twitter/bootstrap/bootstrap-affix.js  (1ms)  (pid 30068)
Compiled twitter/bootstrap.js  (444ms)  (pid 30068)
Compiled jquery.inview.min.js  (1ms)  (pid 30068)
Compiled jquery.inview.js  (1ms)  (pid 30068)
Compiled bootstrap.js  (378ms)  (pid 30068)
Compiled endless.js  (0ms)  (pid 30068)
Compiled personal_infos.js  (5ms)  (pid 30068)
Compiled quastions.js  (18ms)  (pid 30068)
Compiled thoughts.js  (14ms)  (pid 30068)
Compiled users.js  (3ms)  (pid 30068)
Compiled application.js  (1216ms)  (pid 30068)
Compiled twitter-bootstrap-static/bootstrap.css  (218ms)  (pid 30068)
Compiled twitter-bootstrap-static/fontawesome.css  (134ms)  (pid 30068)
Compiled bootstrap_and_overrides.css  (482ms)  (pid 30068)
Compiled personal_infos.css  (33ms)  (pid 30068)
Compiled quastions.css  (76ms)  (pid 30068)
Compiled scaffolds.css  (57ms)  (pid 30068)
Compiled thoughts.css  (4ms)  (pid 30068)
Compiled users.css  (5ms)  (pid 30068)
Compiled application.css  (853ms)  (pid 30068)
Compiled jquery.js  (6ms)  (pid 30068)
Compiled jquery_ujs.js  (1ms)  (pid 30068)
Compiled twitter/bootstrap/bootstrap-transition.js  (2ms)  (pid 30068)
Compiled twitter/bootstrap/bootstrap-alert.js  (1ms)  (pid 30068)
Compiled twitter/bootstrap/bootstrap-modal.js  (2ms)  (pid 30068)
Compiled twitter/bootstrap/bootstrap-dropdown.js  (2ms)  (pid 30068)
Compiled twitter/bootstrap/bootstrap-scrollspy.js  (2ms)  (pid 30068)
Compiled twitter/bootstrap/bootstrap-tab.js  (2ms)  (pid 30068)
Compiled twitter/bootstrap/bootstrap-tooltip.js  (2ms)  (pid 30068)
Compiled twitter/bootstrap/bootstrap-popover.js  (1ms)  (pid 30068)
Compiled twitter/bootstrap/bootstrap-button.js  (1ms)  (pid 30068)
Compiled twitter/bootstrap/bootstrap-collapse.js  (2ms)  (pid 30068)
Compiled twitter/bootstrap/bootstrap-carousel.js  (2ms)  (pid 30068)
Compiled twitter/bootstrap/bootstrap-typeahead.js  (2ms)  (pid 30068)
Compiled twitter/bootstrap/bootstrap-affix.js  (2ms)  (pid 30068)
Compiled twitter/bootstrap.js  (545ms)  (pid 30068)
Compiled jquery.inview.min.js  (1ms)  (pid 30068)
Compiled jquery.inview.js  (1ms)  (pid 30068)
Compiled bootstrap.js  (527ms)  (pid 30068)
Compiled endless.js  (1ms)  (pid 30068)
Compiled personal_infos.js  (5ms)  (pid 30068)
Compiled quastions.js  (20ms)  (pid 30068)
Compiled thoughts.js  (16ms)  (pid 30068)
Compiled users.js  (3ms)  (pid 30068)
Compiled application.js  (1566ms)  (pid 30068)
Compiled twitter-bootstrap-static/bootstrap.css  (299ms)  (pid 30068)
Compiled twitter-bootstrap-static/fontawesome.css  (70ms)  (pid 30068)
Compiled bootstrap_and_overrides.css  (528ms)  (pid 30068)
Compiled personal_infos.css  (36ms)  (pid 30068)
Compiled quastions.css  (80ms)  (pid 30068)
Compiled scaffolds.css  (65ms)  (pid 30068)
Compiled thoughts.css  (4ms)  (pid 30068)
Compiled users.css  (4ms)  (pid 30068)
Compiled application.css  (847ms)  (pid 30068)
Compiled jquery.js  (6ms)  (pid 866)
Compiled jquery_ujs.js  (1ms)  (pid 866)
Compiled twitter/bootstrap/bootstrap-transition.js  (1ms)  (pid 866)
Compiled twitter/bootstrap/bootstrap-alert.js  (2ms)  (pid 866)
Compiled twitter/bootstrap/bootstrap-modal.js  (1ms)  (pid 866)
Compiled twitter/bootstrap/bootstrap-dropdown.js  (1ms)  (pid 866)
Compiled twitter/bootstrap/bootstrap-scrollspy.js  (1ms)  (pid 866)
Compiled twitter/bootstrap/bootstrap-tab.js  (2ms)  (pid 866)
Compiled twitter/bootstrap/bootstrap-tooltip.js  (2ms)  (pid 866)
Compiled twitter/bootstrap/bootstrap-popover.js  (1ms)  (pid 866)
Compiled twitter/bootstrap/bootstrap-button.js  (1ms)  (pid 866)
Compiled twitter/bootstrap/bootstrap-collapse.js  (1ms)  (pid 866)
Compiled twitter/bootstrap/bootstrap-carousel.js  (1ms)  (pid 866)
Compiled twitter/bootstrap/bootstrap-typeahead.js  (2ms)  (pid 866)
Compiled twitter/bootstrap/bootstrap-affix.js  (2ms)  (pid 866)
Compiled twitter/bootstrap.js  (442ms)  (pid 866)
Compiled jquery.inview.min.js  (1ms)  (pid 866)
Compiled jquery.inview.js  (1ms)  (pid 866)
Compiled bootstrap.js  (378ms)  (pid 866)
Compiled endless.js  (1ms)  (pid 866)
Compiled personal_infos.js  (5ms)  (pid 866)
Compiled quastions.js  (18ms)  (pid 866)
Compiled thoughts.js  (13ms)  (pid 866)
Compiled users.js  (3ms)  (pid 866)
Compiled application.js  (1198ms)  (pid 866)
Compiled twitter-bootstrap-static/bootstrap.css  (218ms)  (pid 866)
Compiled twitter-bootstrap-static/fontawesome.css  (130ms)  (pid 866)
Compiled bootstrap_and_overrides.css  (480ms)  (pid 866)
Compiled personal_infos.css  (33ms)  (pid 866)
Compiled quastions.css  (76ms)  (pid 866)
Compiled scaffolds.css  (57ms)  (pid 866)
Compiled thoughts.css  (4ms)  (pid 866)
Compiled users.css  (7ms)  (pid 866)
Compiled application.css  (849ms)  (pid 866)
Compiled jquery.js  (8ms)  (pid 866)
Compiled jquery_ujs.js  (1ms)  (pid 866)
Compiled twitter/bootstrap/bootstrap-transition.js  (2ms)  (pid 866)
Compiled twitter/bootstrap/bootstrap-alert.js  (1ms)  (pid 866)
Compiled twitter/bootstrap/bootstrap-modal.js  (1ms)  (pid 866)
Compiled twitter/bootstrap/bootstrap-dropdown.js  (1ms)  (pid 866)
Compiled twitter/bootstrap/bootstrap-scrollspy.js  (2ms)  (pid 866)
Compiled twitter/bootstrap/bootstrap-tab.js  (2ms)  (pid 866)
Compiled twitter/bootstrap/bootstrap-tooltip.js  (1ms)  (pid 866)
Compiled twitter/bootstrap/bootstrap-popover.js  (1ms)  (pid 866)
Compiled twitter/bootstrap/bootstrap-button.js  (1ms)  (pid 866)
Compiled twitter/bootstrap/bootstrap-collapse.js  (1ms)  (pid 866)
Compiled twitter/bootstrap/bootstrap-carousel.js  (1ms)  (pid 866)
Compiled twitter/bootstrap/bootstrap-typeahead.js  (2ms)  (pid 866)
Compiled twitter/bootstrap/bootstrap-affix.js  (1ms)  (pid 866)
Compiled twitter/bootstrap.js  (433ms)  (pid 866)
Compiled jquery.inview.min.js  (1ms)  (pid 866)
Compiled jquery.inview.js  (1ms)  (pid 866)
Compiled bootstrap.js  (380ms)  (pid 866)
Compiled endless.js  (1ms)  (pid 866)
Compiled personal_infos.js  (3ms)  (pid 866)
Compiled quastions.js  (18ms)  (pid 866)
Compiled thoughts.js  (14ms)  (pid 866)
Compiled users.js  (2ms)  (pid 866)
Compiled application.js  (1181ms)  (pid 866)
Compiled twitter-bootstrap-static/bootstrap.css  (296ms)  (pid 866)
Compiled twitter-bootstrap-static/fontawesome.css  (69ms)  (pid 866)
Compiled bootstrap_and_overrides.css  (427ms)  (pid 866)
Compiled personal_infos.css  (99ms)  (pid 866)
Compiled quastions.css  (78ms)  (pid 866)
Compiled scaffolds.css  (57ms)  (pid 866)
Compiled thoughts.css  (5ms)  (pid 866)
Compiled users.css  (5ms)  (pid 866)
Compiled application.css  (790ms)  (pid 866)


Started GET "/" for 127.0.0.1 at 2013-04-13 00:20:13 +0400
Processing by QuastionsController#index as HTML
Completed 500 Internal Server Error in 89ms

ActiveRecord::StatementInvalid (Could not find table 'quastions'):
  app/models/thought.rb:35:in `best_thoughts_of_the_day'
  app/controllers/application_controller.rb:15:in `best_thoughts'




Started GET "/" for 127.0.0.1 at 2013-04-13 00:20:18 +0400
Processing by QuastionsController#index as HTML
Completed 500 Internal Server Error in 4ms

ActiveRecord::StatementInvalid (Could not find table 'quastions'):
  app/models/thought.rb:35:in `best_thoughts_of_the_day'
  app/controllers/application_controller.rb:15:in `best_thoughts'


Compiled jquery_ujs.js  (2ms)  (pid 3451)
Compiled twitter/bootstrap/bootstrap-transition.js  (1ms)  (pid 3451)
Compiled twitter/bootstrap/bootstrap-alert.js  (1ms)  (pid 3451)
Compiled twitter/bootstrap/bootstrap-modal.js  (1ms)  (pid 3451)
Compiled twitter/bootstrap/bootstrap-dropdown.js  (2ms)  (pid 3451)
Compiled twitter/bootstrap/bootstrap-scrollspy.js  (1ms)  (pid 3451)
Compiled twitter/bootstrap/bootstrap-tab.js  (1ms)  (pid 3451)
Compiled twitter/bootstrap/bootstrap-tooltip.js  (1ms)  (pid 3451)
Compiled twitter/bootstrap/bootstrap-popover.js  (1ms)  (pid 3451)
Compiled twitter/bootstrap/bootstrap-button.js  (1ms)  (pid 3451)
Compiled twitter/bootstrap/bootstrap-collapse.js  (1ms)  (pid 3451)
Compiled twitter/bootstrap/bootstrap-carousel.js  (1ms)  (pid 3451)
Compiled twitter/bootstrap/bootstrap-typeahead.js  (1ms)  (pid 3451)
Compiled twitter/bootstrap/bootstrap-affix.js  (1ms)  (pid 3451)
Compiled twitter/bootstrap.js  (432ms)  (pid 3451)
Compiled jquery.inview.min.js  (1ms)  (pid 3451)
Compiled jquery.inview.js  (1ms)  (pid 3451)
Compiled bootstrap.js  (570ms)  (pid 3451)
Compiled endless.js  (1ms)  (pid 3451)
Compiled personal_infos.js  (3ms)  (pid 3451)
Compiled quastions.js  (17ms)  (pid 3451)
Compiled thoughts.js  (12ms)  (pid 3451)
Compiled users.js  (3ms)  (pid 3451)
Compiled users/omniauth_callbacks.js  (3ms)  (pid 3451)
Compiled application.js  (1368ms)  (pid 3451)
Compiled twitter-bootstrap-static/bootstrap.css  (282ms)  (pid 3451)
Compiled twitter-bootstrap-static/fontawesome.css  (195ms)  (pid 3451)
Compiled bootstrap_and_overrides.css  (571ms)  (pid 3451)
Compiled personal_infos.css  (97ms)  (pid 3451)
Compiled quastions.css  (140ms)  (pid 3451)
Compiled scaffolds.css  (54ms)  (pid 3451)
Compiled thoughts.css  (4ms)  (pid 3451)
Compiled users.css  (4ms)  (pid 3451)
Compiled users/omniauth_callbacks.css  (4ms)  (pid 3451)
Compiled application.css  (1166ms)  (pid 3451)
Compiled jquery_ujs.js  (1ms)  (pid 3487)
Compiled twitter/bootstrap/bootstrap-transition.js  (1ms)  (pid 3487)
Compiled twitter/bootstrap/bootstrap-alert.js  (1ms)  (pid 3487)
Compiled twitter/bootstrap/bootstrap-modal.js  (2ms)  (pid 3487)
Compiled twitter/bootstrap/bootstrap-dropdown.js  (1ms)  (pid 3487)
Compiled twitter/bootstrap/bootstrap-scrollspy.js  (2ms)  (pid 3487)
Compiled twitter/bootstrap/bootstrap-tab.js  (2ms)  (pid 3487)
Compiled twitter/bootstrap/bootstrap-tooltip.js  (2ms)  (pid 3487)
Compiled twitter/bootstrap/bootstrap-popover.js  (2ms)  (pid 3487)
Compiled twitter/bootstrap/bootstrap-button.js  (3ms)  (pid 3487)
Compiled twitter/bootstrap/bootstrap-collapse.js  (2ms)  (pid 3487)
Compiled twitter/bootstrap/bootstrap-carousel.js  (2ms)  (pid 3487)
Compiled twitter/bootstrap/bootstrap-typeahead.js  (2ms)  (pid 3487)
Compiled twitter/bootstrap/bootstrap-affix.js  (2ms)  (pid 3487)
Compiled twitter/bootstrap.js  (534ms)  (pid 3487)
Compiled jquery.inview.min.js  (1ms)  (pid 3487)
Compiled jquery.inview.js  (1ms)  (pid 3487)
Compiled bootstrap.js  (374ms)  (pid 3487)
Compiled endless.js  (1ms)  (pid 3487)
Compiled personal_infos.js  (4ms)  (pid 3487)
Compiled quastions.js  (16ms)  (pid 3487)
Compiled thoughts.js  (13ms)  (pid 3487)
Compiled users.js  (2ms)  (pid 3487)
Compiled users/omniauth_callbacks.js  (2ms)  (pid 3487)
Compiled application.js  (1195ms)  (pid 3487)
Compiled twitter-bootstrap-static/bootstrap.css  (280ms)  (pid 3487)
Compiled twitter-bootstrap-static/fontawesome.css  (179ms)  (pid 3487)
Compiled bootstrap_and_overrides.css  (528ms)  (pid 3487)
Compiled personal_infos.css  (33ms)  (pid 3487)
Compiled quastions.css  (88ms)  (pid 3487)
Compiled scaffolds.css  (53ms)  (pid 3487)
Compiled thoughts.css  (4ms)  (pid 3487)
Compiled users.css  (4ms)  (pid 3487)
Compiled users/omniauth_callbacks.css  (5ms)  (pid 3487)
Compiled application.css  (944ms)  (pid 3487)
Compiled jquery_ujs.js  (1ms)  (pid 3537)
Compiled twitter/bootstrap/bootstrap-transition.js  (1ms)  (pid 3537)
Compiled twitter/bootstrap/bootstrap-alert.js  (1ms)  (pid 3537)
Compiled twitter/bootstrap/bootstrap-modal.js  (1ms)  (pid 3537)
Compiled twitter/bootstrap/bootstrap-dropdown.js  (1ms)  (pid 3537)
Compiled twitter/bootstrap/bootstrap-scrollspy.js  (2ms)  (pid 3537)
Compiled twitter/bootstrap/bootstrap-tab.js  (2ms)  (pid 3537)
Compiled twitter/bootstrap/bootstrap-tooltip.js  (2ms)  (pid 3537)
Compiled twitter/bootstrap/bootstrap-popover.js  (2ms)  (pid 3537)
Compiled twitter/bootstrap/bootstrap-button.js  (2ms)  (pid 3537)
Compiled twitter/bootstrap/bootstrap-collapse.js  (1ms)  (pid 3537)
Compiled twitter/bootstrap/bootstrap-carousel.js  (2ms)  (pid 3537)
Compiled twitter/bootstrap/bootstrap-typeahead.js  (2ms)  (pid 3537)
Compiled twitter/bootstrap/bootstrap-affix.js  (1ms)  (pid 3537)
Compiled twitter/bootstrap.js  (503ms)  (pid 3537)
Compiled jquery.inview.min.js  (1ms)  (pid 3537)
Compiled jquery.inview.js  (2ms)  (pid 3537)
Compiled bootstrap.js  (355ms)  (pid 3537)
Compiled endless.js  (1ms)  (pid 3537)
Compiled personal_infos.js  (4ms)  (pid 3537)
Compiled quastions.js  (16ms)  (pid 3537)
Compiled thoughts.js  (13ms)  (pid 3537)
Compiled users.js  (2ms)  (pid 3537)
Compiled users/omniauth_callbacks.js  (3ms)  (pid 3537)
Compiled application.js  (1129ms)  (pid 3537)
Compiled twitter-bootstrap-static/bootstrap.css  (283ms)  (pid 3537)
Compiled twitter-bootstrap-static/fontawesome.css  (122ms)  (pid 3537)
Compiled bootstrap_and_overrides.css  (464ms)  (pid 3537)
Compiled personal_infos.css  (30ms)  (pid 3537)
Compiled quastions.css  (81ms)  (pid 3537)
Compiled scaffolds.css  (53ms)  (pid 3537)
Compiled thoughts.css  (4ms)  (pid 3537)
Compiled users.css  (5ms)  (pid 3537)
Compiled users/omniauth_callbacks.css  (3ms)  (pid 3537)
Compiled application.css  (839ms)  (pid 3537)
Compiled jquery_ujs.js  (5ms)  (pid 3537)
Compiled twitter/bootstrap/bootstrap-transition.js  (2ms)  (pid 3537)
Compiled twitter/bootstrap/bootstrap-alert.js  (5ms)  (pid 3537)
Compiled twitter/bootstrap/bootstrap-modal.js  (2ms)  (pid 3537)
Compiled twitter/bootstrap/bootstrap-dropdown.js  (2ms)  (pid 3537)
Compiled twitter/bootstrap/bootstrap-scrollspy.js  (2ms)  (pid 3537)
Compiled twitter/bootstrap/bootstrap-tab.js  (2ms)  (pid 3537)
Compiled twitter/bootstrap/bootstrap-tooltip.js  (2ms)  (pid 3537)
Compiled twitter/bootstrap/bootstrap-popover.js  (2ms)  (pid 3537)
Compiled twitter/bootstrap/bootstrap-button.js  (2ms)  (pid 3537)
Compiled twitter/bootstrap/bootstrap-collapse.js  (2ms)  (pid 3537)
Compiled twitter/bootstrap/bootstrap-carousel.js  (2ms)  (pid 3537)
Compiled twitter/bootstrap/bootstrap-typeahead.js  (2ms)  (pid 3537)
Compiled twitter/bootstrap/bootstrap-affix.js  (5ms)  (pid 3537)
Compiled twitter/bootstrap.js  (789ms)  (pid 3537)
Compiled jquery.inview.min.js  (1ms)  (pid 3537)
Compiled jquery.inview.js  (1ms)  (pid 3537)
Compiled bootstrap.js  (906ms)  (pid 3537)
Compiled endless.js  (0ms)  (pid 3537)
Compiled personal_infos.js  (3ms)  (pid 3537)
Compiled quastions.js  (16ms)  (pid 3537)
Compiled thoughts.js  (13ms)  (pid 3537)
Compiled users.js  (2ms)  (pid 3537)
Compiled users/omniauth_callbacks.js  (2ms)  (pid 3537)
Compiled application.js  (2223ms)  (pid 3537)
Compiled twitter-bootstrap-static/bootstrap.css  (339ms)  (pid 3537)
Compiled twitter-bootstrap-static/fontawesome.css  (95ms)  (pid 3537)
Compiled bootstrap_and_overrides.css  (513ms)  (pid 3537)
Compiled personal_infos.css  (61ms)  (pid 3537)
Compiled quastions.css  (129ms)  (pid 3537)
Compiled scaffolds.css  (86ms)  (pid 3537)
Compiled thoughts.css  (5ms)  (pid 3537)
Compiled users.css  (4ms)  (pid 3537)
Compiled users/omniauth_callbacks.css  (5ms)  (pid 3537)
Compiled application.css  (1048ms)  (pid 3537)
Compiled jquery_ujs.js  (1ms)  (pid 3746)
Compiled twitter/bootstrap/bootstrap-transition.js  (1ms)  (pid 3746)
Compiled twitter/bootstrap/bootstrap-alert.js  (1ms)  (pid 3746)
Compiled twitter/bootstrap/bootstrap-modal.js  (1ms)  (pid 3746)
Compiled twitter/bootstrap/bootstrap-dropdown.js  (1ms)  (pid 3746)
Compiled twitter/bootstrap/bootstrap-scrollspy.js  (1ms)  (pid 3746)
Compiled twitter/bootstrap/bootstrap-tab.js  (2ms)  (pid 3746)
Compiled twitter/bootstrap/bootstrap-tooltip.js  (2ms)  (pid 3746)
Compiled twitter/bootstrap/bootstrap-popover.js  (1ms)  (pid 3746)
Compiled twitter/bootstrap/bootstrap-button.js  (2ms)  (pid 3746)
Compiled twitter/bootstrap/bootstrap-collapse.js  (2ms)  (pid 3746)
Compiled twitter/bootstrap/bootstrap-carousel.js  (1ms)  (pid 3746)
Compiled twitter/bootstrap/bootstrap-typeahead.js  (2ms)  (pid 3746)
Compiled twitter/bootstrap/bootstrap-affix.js  (1ms)  (pid 3746)
Compiled twitter/bootstrap.js  (411ms)  (pid 3746)
Compiled jquery.inview.min.js  (1ms)  (pid 3746)
Compiled jquery.inview.js  (1ms)  (pid 3746)
Compiled bootstrap.js  (361ms)  (pid 3746)
Compiled endless.js  (0ms)  (pid 3746)
Compiled personal_infos.js  (3ms)  (pid 3746)
Compiled quastions.js  (16ms)  (pid 3746)
Compiled thoughts.js  (13ms)  (pid 3746)
Compiled users.js  (2ms)  (pid 3746)
Compiled users/omniauth_callbacks.js  (2ms)  (pid 3746)
Compiled application.js  (1037ms)  (pid 3746)
Compiled twitter-bootstrap-static/bootstrap.css  (288ms)  (pid 3746)
Compiled twitter-bootstrap-static/fontawesome.css  (122ms)  (pid 3746)
Compiled bootstrap_and_overrides.css  (469ms)  (pid 3746)
Compiled personal_infos.css  (30ms)  (pid 3746)
Compiled quastions.css  (83ms)  (pid 3746)
Compiled scaffolds.css  (53ms)  (pid 3746)
Compiled thoughts.css  (4ms)  (pid 3746)
Compiled users.css  (4ms)  (pid 3746)
Compiled users/omniauth_callbacks.css  (5ms)  (pid 3746)
Compiled application.css  (846ms)  (pid 3746)
Compiled jquery_ujs.js  (2ms)  (pid 3746)
Compiled twitter/bootstrap/bootstrap-transition.js  (1ms)  (pid 3746)
Compiled twitter/bootstrap/bootstrap-alert.js  (1ms)  (pid 3746)
Compiled twitter/bootstrap/bootstrap-modal.js  (1ms)  (pid 3746)
Compiled twitter/bootstrap/bootstrap-dropdown.js  (1ms)  (pid 3746)
Compiled twitter/bootstrap/bootstrap-scrollspy.js  (1ms)  (pid 3746)
Compiled twitter/bootstrap/bootstrap-tab.js  (1ms)  (pid 3746)
Compiled twitter/bootstrap/bootstrap-tooltip.js  (1ms)  (pid 3746)
Compiled twitter/bootstrap/bootstrap-popover.js  (1ms)  (pid 3746)
Compiled twitter/bootstrap/bootstrap-button.js  (1ms)  (pid 3746)
Compiled twitter/bootstrap/bootstrap-collapse.js  (1ms)  (pid 3746)
Compiled twitter/bootstrap/bootstrap-carousel.js  (1ms)  (pid 3746)
Compiled twitter/bootstrap/bootstrap-typeahead.js  (1ms)  (pid 3746)
Compiled twitter/bootstrap/bootstrap-affix.js  (1ms)  (pid 3746)
Compiled twitter/bootstrap.js  (395ms)  (pid 3746)
Compiled jquery.inview.min.js  (1ms)  (pid 3746)
Compiled jquery.inview.js  (1ms)  (pid 3746)
Compiled bootstrap.js  (353ms)  (pid 3746)
Compiled endless.js  (1ms)  (pid 3746)
Compiled personal_infos.js  (4ms)  (pid 3746)
Compiled quastions.js  (16ms)  (pid 3746)
Compiled thoughts.js  (13ms)  (pid 3746)
Compiled users.js  (2ms)  (pid 3746)
Compiled users/omniauth_callbacks.js  (2ms)  (pid 3746)
Compiled application.js  (1079ms)  (pid 3746)
Compiled twitter-bootstrap-static/bootstrap.css  (281ms)  (pid 3746)
Compiled twitter-bootstrap-static/fontawesome.css  (66ms)  (pid 3746)
Compiled bootstrap_and_overrides.css  (404ms)  (pid 3746)
Compiled personal_infos.css  (30ms)  (pid 3746)
Compiled quastions.css  (81ms)  (pid 3746)
Compiled scaffolds.css  (52ms)  (pid 3746)
Compiled thoughts.css  (4ms)  (pid 3746)
Compiled users.css  (4ms)  (pid 3746)
Compiled users/omniauth_callbacks.css  (3ms)  (pid 3746)
Compiled application.css  (776ms)  (pid 3746)
Compiled jquery_ujs.js  (1ms)  (pid 3983)
Compiled twitter/bootstrap/bootstrap-transition.js  (2ms)  (pid 3983)
Compiled twitter/bootstrap/bootstrap-alert.js  (1ms)  (pid 3983)
Compiled twitter/bootstrap/bootstrap-modal.js  (1ms)  (pid 3983)
Compiled twitter/bootstrap/bootstrap-dropdown.js  (1ms)  (pid 3983)
Compiled twitter/bootstrap/bootstrap-scrollspy.js  (1ms)  (pid 3983)
Compiled twitter/bootstrap/bootstrap-tab.js  (1ms)  (pid 3983)
Compiled twitter/bootstrap/bootstrap-tooltip.js  (1ms)  (pid 3983)
Compiled twitter/bootstrap/bootstrap-popover.js  (1ms)  (pid 3983)
Compiled twitter/bootstrap/bootstrap-button.js  (1ms)  (pid 3983)
Compiled twitter/bootstrap/bootstrap-collapse.js  (1ms)  (pid 3983)
Compiled twitter/bootstrap/bootstrap-carousel.js  (1ms)  (pid 3983)
Compiled twitter/bootstrap/bootstrap-typeahead.js  (2ms)  (pid 3983)
Compiled twitter/bootstrap/bootstrap-affix.js  (1ms)  (pid 3983)
Compiled twitter/bootstrap.js  (400ms)  (pid 3983)
Compiled jquery.inview.min.js  (1ms)  (pid 3983)
Compiled jquery.inview.js  (1ms)  (pid 3983)
Compiled bootstrap.js  (353ms)  (pid 3983)
Compiled endless.js  (0ms)  (pid 3983)
Compiled personal_infos.js  (3ms)  (pid 3983)
Compiled quastions.js  (16ms)  (pid 3983)
Compiled thoughts.js  (13ms)  (pid 3983)
Compiled users.js  (2ms)  (pid 3983)
Compiled users/omniauth_callbacks.js  (2ms)  (pid 3983)
Compiled application.js  (1020ms)  (pid 3983)
Compiled twitter-bootstrap-static/bootstrap.css  (282ms)  (pid 3983)
Compiled twitter-bootstrap-static/fontawesome.css  (122ms)  (pid 3983)
Compiled bootstrap_and_overrides.css  (463ms)  (pid 3983)
Compiled personal_infos.css  (31ms)  (pid 3983)
Compiled quastions.css  (83ms)  (pid 3983)
Compiled scaffolds.css  (56ms)  (pid 3983)
Compiled thoughts.css  (4ms)  (pid 3983)
Compiled users.css  (4ms)  (pid 3983)
Compiled users/omniauth_callbacks.css  (3ms)  (pid 3983)
Compiled application.css  (841ms)  (pid 3983)
Compiled jquery_ujs.js  (1ms)  (pid 3983)
Compiled twitter/bootstrap/bootstrap-transition.js  (1ms)  (pid 3983)
Compiled twitter/bootstrap/bootstrap-alert.js  (1ms)  (pid 3983)
Compiled twitter/bootstrap/bootstrap-modal.js  (2ms)  (pid 3983)
Compiled twitter/bootstrap/bootstrap-dropdown.js  (1ms)  (pid 3983)
Compiled twitter/bootstrap/bootstrap-scrollspy.js  (1ms)  (pid 3983)
Compiled twitter/bootstrap/bootstrap-tab.js  (1ms)  (pid 3983)
Compiled twitter/bootstrap/bootstrap-tooltip.js  (1ms)  (pid 3983)
Compiled twitter/bootstrap/bootstrap-popover.js  (1ms)  (pid 3983)
Compiled twitter/bootstrap/bootstrap-button.js  (1ms)  (pid 3983)
Compiled twitter/bootstrap/bootstrap-collapse.js  (2ms)  (pid 3983)
Compiled twitter/bootstrap/bootstrap-carousel.js  (1ms)  (pid 3983)
Compiled twitter/bootstrap/bootstrap-typeahead.js  (1ms)  (pid 3983)
Compiled twitter/bootstrap/bootstrap-affix.js  (1ms)  (pid 3983)
Compiled twitter/bootstrap.js  (394ms)  (pid 3983)
Compiled jquery.inview.min.js  (1ms)  (pid 3983)
Compiled jquery.inview.js  (1ms)  (pid 3983)
Compiled bootstrap.js  (357ms)  (pid 3983)
Compiled endless.js  (0ms)  (pid 3983)
Compiled personal_infos.js  (3ms)  (pid 3983)
Compiled quastions.js  (16ms)  (pid 3983)
Compiled thoughts.js  (14ms)  (pid 3983)
Compiled users.js  (3ms)  (pid 3983)
Compiled users/omniauth_callbacks.js  (2ms)  (pid 3983)
Compiled application.js  (1129ms)  (pid 3983)
Compiled twitter-bootstrap-static/bootstrap.css  (372ms)  (pid 3983)
Compiled twitter-bootstrap-static/fontawesome.css  (92ms)  (pid 3983)
Compiled bootstrap_and_overrides.css  (548ms)  (pid 3983)
Compiled personal_infos.css  (42ms)  (pid 3983)
Compiled quastions.css  (117ms)  (pid 3983)
Compiled scaffolds.css  (77ms)  (pid 3983)
Compiled thoughts.css  (7ms)  (pid 3983)
Compiled users.css  (6ms)  (pid 3983)
Compiled users/omniauth_callbacks.css  (5ms)  (pid 3983)
Compiled application.css  (1069ms)  (pid 3983)
Compiled jquery.js  (10ms)  (pid 4550)
Compiled jquery_ujs.js  (2ms)  (pid 4550)
Compiled twitter/bootstrap/bootstrap-transition.js  (2ms)  (pid 4550)
Compiled twitter/bootstrap/bootstrap-alert.js  (1ms)  (pid 4550)
Compiled twitter/bootstrap/bootstrap-modal.js  (2ms)  (pid 4550)
Compiled twitter/bootstrap/bootstrap-dropdown.js  (2ms)  (pid 4550)
Compiled twitter/bootstrap/bootstrap-scrollspy.js  (2ms)  (pid 4550)
Compiled twitter/bootstrap/bootstrap-tab.js  (2ms)  (pid 4550)
Compiled twitter/bootstrap/bootstrap-tooltip.js  (2ms)  (pid 4550)
Compiled twitter/bootstrap/bootstrap-popover.js  (2ms)  (pid 4550)
Compiled twitter/bootstrap/bootstrap-button.js  (2ms)  (pid 4550)
Compiled twitter/bootstrap/bootstrap-collapse.js  (2ms)  (pid 4550)
Compiled twitter/bootstrap/bootstrap-carousel.js  (2ms)  (pid 4550)
Compiled twitter/bootstrap/bootstrap-typeahead.js  (1ms)  (pid 4550)
Compiled twitter/bootstrap/bootstrap-affix.js  (1ms)  (pid 4550)
Compiled twitter/bootstrap.js  (559ms)  (pid 4550)
Compiled jquery.inview.min.js  (1ms)  (pid 4550)
Compiled jquery.inview.js  (1ms)  (pid 4550)
Compiled bootstrap.js  (394ms)  (pid 4550)
Compiled endless.js  (1ms)  (pid 4550)
Compiled personal_infos.js  (4ms)  (pid 4550)
Compiled quastions.js  (22ms)  (pid 4550)
Compiled thoughts.js  (16ms)  (pid 4550)
Compiled users.js  (3ms)  (pid 4550)
Compiled users/omniauth_callbacks.js  (5ms)  (pid 4550)
Compiled application.js  (1434ms)  (pid 4550)
Compiled twitter-bootstrap-static/bootstrap.css  (291ms)  (pid 4550)
Compiled twitter-bootstrap-static/fontawesome.css  (127ms)  (pid 4550)
Compiled bootstrap_and_overrides.css  (481ms)  (pid 4550)
Compiled personal_infos.css  (100ms)  (pid 4550)
Compiled quastions.css  (97ms)  (pid 4550)
Compiled scaffolds.css  (54ms)  (pid 4550)
Compiled thoughts.css  (4ms)  (pid 4550)
Compiled users.css  (4ms)  (pid 4550)
Compiled users/omniauth_callbacks.css  (5ms)  (pid 4550)
Compiled application.css  (876ms)  (pid 4550)
Compiled jquery.js  (76ms)  (pid 4550)
Compiled jquery_ujs.js  (2ms)  (pid 4550)
Compiled twitter/bootstrap/bootstrap-transition.js  (2ms)  (pid 4550)
Compiled twitter/bootstrap/bootstrap-alert.js  (1ms)  (pid 4550)
Compiled twitter/bootstrap/bootstrap-modal.js  (1ms)  (pid 4550)
Compiled twitter/bootstrap/bootstrap-dropdown.js  (2ms)  (pid 4550)
Compiled twitter/bootstrap/bootstrap-scrollspy.js  (1ms)  (pid 4550)
Compiled twitter/bootstrap/bootstrap-tab.js  (1ms)  (pid 4550)
Compiled twitter/bootstrap/bootstrap-tooltip.js  (1ms)  (pid 4550)
Compiled twitter/bootstrap/bootstrap-popover.js  (2ms)  (pid 4550)
Compiled twitter/bootstrap/bootstrap-button.js  (1ms)  (pid 4550)
Compiled twitter/bootstrap/bootstrap-collapse.js  (1ms)  (pid 4550)
Compiled twitter/bootstrap/bootstrap-carousel.js  (1ms)  (pid 4550)
Compiled twitter/bootstrap/bootstrap-typeahead.js  (1ms)  (pid 4550)
Compiled twitter/bootstrap/bootstrap-affix.js  (1ms)  (pid 4550)
Compiled twitter/bootstrap.js  (427ms)  (pid 4550)
Compiled jquery.inview.min.js  (1ms)  (pid 4550)
Compiled jquery.inview.js  (1ms)  (pid 4550)
Compiled bootstrap.js  (465ms)  (pid 4550)
Compiled endless.js  (1ms)  (pid 4550)
Compiled personal_infos.js  (5ms)  (pid 4550)
Compiled quastions.js  (24ms)  (pid 4550)
Compiled thoughts.js  (31ms)  (pid 4550)
Compiled users.js  (6ms)  (pid 4550)
Compiled users/omniauth_callbacks.js  (6ms)  (pid 4550)
Compiled application.js  (1435ms)  (pid 4550)
Compiled twitter-bootstrap-static/bootstrap.css  (295ms)  (pid 4550)
Compiled twitter-bootstrap-static/fontawesome.css  (86ms)  (pid 4550)
Compiled bootstrap_and_overrides.css  (559ms)  (pid 4550)
Compiled personal_infos.css  (35ms)  (pid 4550)
Compiled quastions.css  (107ms)  (pid 4550)
Compiled scaffolds.css  (60ms)  (pid 4550)
Compiled thoughts.css  (4ms)  (pid 4550)
Compiled users.css  (4ms)  (pid 4550)
Compiled users/omniauth_callbacks.css  (4ms)  (pid 4550)
Compiled application.css  (995ms)  (pid 4550)
Compiled jquery_ujs.js  (1ms)  (pid 9230)
Compiled twitter/bootstrap/bootstrap-transition.js  (1ms)  (pid 9230)
Compiled twitter/bootstrap/bootstrap-alert.js  (1ms)  (pid 9230)
Compiled twitter/bootstrap/bootstrap-modal.js  (1ms)  (pid 9230)
Compiled twitter/bootstrap/bootstrap-dropdown.js  (1ms)  (pid 9230)
Compiled twitter/bootstrap/bootstrap-scrollspy.js  (2ms)  (pid 9230)
Compiled twitter/bootstrap/bootstrap-tab.js  (1ms)  (pid 9230)
Compiled twitter/bootstrap/bootstrap-tooltip.js  (2ms)  (pid 9230)
Compiled twitter/bootstrap/bootstrap-popover.js  (1ms)  (pid 9230)
Compiled twitter/bootstrap/bootstrap-button.js  (2ms)  (pid 9230)
Compiled twitter/bootstrap/bootstrap-collapse.js  (2ms)  (pid 9230)
Compiled twitter/bootstrap/bootstrap-carousel.js  (2ms)  (pid 9230)
Compiled twitter/bootstrap/bootstrap-typeahead.js  (1ms)  (pid 9230)
Compiled twitter/bootstrap/bootstrap-affix.js  (1ms)  (pid 9230)
Compiled twitter/bootstrap.js  (403ms)  (pid 9230)
Compiled jquery.inview.min.js  (1ms)  (pid 9230)
Compiled jquery.inview.js  (1ms)  (pid 9230)
Compiled bootstrap.js  (355ms)  (pid 9230)
Compiled endless.js  (0ms)  (pid 9230)
Compiled personal_infos.js  (3ms)  (pid 9230)
Compiled quastions.js  (16ms)  (pid 9230)
Compiled thoughts.js  (12ms)  (pid 9230)
Compiled users.js  (2ms)  (pid 9230)
Compiled users/omniauth_callbacks.js  (3ms)  (pid 9230)
Compiled application.js  (1023ms)  (pid 9230)
Compiled twitter-bootstrap-static/bootstrap.css  (278ms)  (pid 9230)
Compiled twitter-bootstrap-static/fontawesome.css  (123ms)  (pid 9230)
Compiled bootstrap_and_overrides.css  (460ms)  (pid 9230)
Compiled personal_infos.css  (31ms)  (pid 9230)
Compiled quastions.css  (83ms)  (pid 9230)
Compiled scaffolds.css  (55ms)  (pid 9230)
Compiled thoughts.css  (4ms)  (pid 9230)
Compiled users.css  (4ms)  (pid 9230)
Compiled users/omniauth_callbacks.css  (4ms)  (pid 9230)
Compiled application.css  (838ms)  (pid 9230)
Compiled jquery_ujs.js  (1ms)  (pid 9230)
Compiled twitter/bootstrap/bootstrap-transition.js  (1ms)  (pid 9230)
Compiled twitter/bootstrap/bootstrap-alert.js  (1ms)  (pid 9230)
Compiled twitter/bootstrap/bootstrap-modal.js  (1ms)  (pid 9230)
Compiled twitter/bootstrap/bootstrap-dropdown.js  (1ms)  (pid 9230)
Compiled twitter/bootstrap/bootstrap-scrollspy.js  (1ms)  (pid 9230)
Compiled twitter/bootstrap/bootstrap-tab.js  (1ms)  (pid 9230)
Compiled twitter/bootstrap/bootstrap-tooltip.js  (1ms)  (pid 9230)
Compiled twitter/bootstrap/bootstrap-popover.js  (1ms)  (pid 9230)
Compiled twitter/bootstrap/bootstrap-button.js  (1ms)  (pid 9230)
Compiled twitter/bootstrap/bootstrap-collapse.js  (1ms)  (pid 9230)
Compiled twitter/bootstrap/bootstrap-carousel.js  (1ms)  (pid 9230)
Compiled twitter/bootstrap/bootstrap-typeahead.js  (1ms)  (pid 9230)
Compiled twitter/bootstrap/bootstrap-affix.js  (1ms)  (pid 9230)
Compiled twitter/bootstrap.js  (396ms)  (pid 9230)
Compiled jquery.inview.min.js  (0ms)  (pid 9230)
Compiled jquery.inview.js  (1ms)  (pid 9230)
Compiled bootstrap.js  (352ms)  (pid 9230)
Compiled endless.js  (1ms)  (pid 9230)
Compiled personal_infos.js  (3ms)  (pid 9230)
Compiled quastions.js  (16ms)  (pid 9230)
Compiled thoughts.js  (13ms)  (pid 9230)
Compiled users.js  (3ms)  (pid 9230)
Compiled users/omniauth_callbacks.js  (2ms)  (pid 9230)
Compiled application.js  (1076ms)  (pid 9230)
Compiled twitter-bootstrap-static/bootstrap.css  (280ms)  (pid 9230)
Compiled twitter-bootstrap-static/fontawesome.css  (66ms)  (pid 9230)
Compiled bootstrap_and_overrides.css  (405ms)  (pid 9230)
Compiled personal_infos.css  (30ms)  (pid 9230)
Compiled quastions.css  (81ms)  (pid 9230)
Compiled scaffolds.css  (119ms)  (pid 9230)
Compiled thoughts.css  (5ms)  (pid 9230)
Compiled users.css  (6ms)  (pid 9230)
Compiled users/omniauth_callbacks.css  (3ms)  (pid 9230)
Compiled application.css  (778ms)  (pid 9230)
Compiled jquery_ujs.js  (2ms)  (pid 9578)
Compiled twitter/bootstrap/bootstrap-transition.js  (1ms)  (pid 9578)
Compiled twitter/bootstrap/bootstrap-alert.js  (2ms)  (pid 9578)
Compiled twitter/bootstrap/bootstrap-modal.js  (1ms)  (pid 9578)
Compiled twitter/bootstrap/bootstrap-dropdown.js  (1ms)  (pid 9578)
Compiled twitter/bootstrap/bootstrap-scrollspy.js  (1ms)  (pid 9578)
Compiled twitter/bootstrap/bootstrap-tab.js  (1ms)  (pid 9578)
Compiled twitter/bootstrap/bootstrap-tooltip.js  (1ms)  (pid 9578)
Compiled twitter/bootstrap/bootstrap-popover.js  (1ms)  (pid 9578)
Compiled twitter/bootstrap/bootstrap-button.js  (1ms)  (pid 9578)
Compiled twitter/bootstrap/bootstrap-collapse.js  (1ms)  (pid 9578)
Compiled twitter/bootstrap/bootstrap-carousel.js  (1ms)  (pid 9578)
Compiled twitter/bootstrap/bootstrap-typeahead.js  (1ms)  (pid 9578)
Compiled twitter/bootstrap/bootstrap-affix.js  (1ms)  (pid 9578)
Compiled twitter/bootstrap.js  (399ms)  (pid 9578)
Compiled jquery.inview.min.js  (1ms)  (pid 9578)
Compiled jquery.inview.js  (1ms)  (pid 9578)
Compiled bootstrap.js  (347ms)  (pid 9578)
Compiled endless.js  (1ms)  (pid 9578)
Compiled personal_infos.js  (4ms)  (pid 9578)
Compiled quastions.js  (16ms)  (pid 9578)
Compiled thoughts.js  (13ms)  (pid 9578)
Compiled users.js  (2ms)  (pid 9578)
Compiled users/omniauth_callbacks.js  (2ms)  (pid 9578)
Compiled application.js  (1011ms)  (pid 9578)
Compiled twitter-bootstrap-static/bootstrap.css  (277ms)  (pid 9578)
Compiled twitter-bootstrap-static/fontawesome.css  (122ms)  (pid 9578)
Compiled bootstrap_and_overrides.css  (458ms)  (pid 9578)
Compiled personal_infos.css  (31ms)  (pid 9578)
Compiled quastions.css  (83ms)  (pid 9578)
Compiled scaffolds.css  (52ms)  (pid 9578)
Compiled thoughts.css  (5ms)  (pid 9578)
Compiled users.css  (5ms)  (pid 9578)
Compiled users/omniauth_callbacks.css  (6ms)  (pid 9578)
Compiled application.css  (871ms)  (pid 9578)
Compiled jquery_ujs.js  (1ms)  (pid 9578)
Compiled twitter/bootstrap/bootstrap-transition.js  (1ms)  (pid 9578)
Compiled twitter/bootstrap/bootstrap-alert.js  (1ms)  (pid 9578)
Compiled twitter/bootstrap/bootstrap-modal.js  (1ms)  (pid 9578)
Compiled twitter/bootstrap/bootstrap-dropdown.js  (1ms)  (pid 9578)
Compiled twitter/bootstrap/bootstrap-scrollspy.js  (1ms)  (pid 9578)
Compiled twitter/bootstrap/bootstrap-tab.js  (2ms)  (pid 9578)
Compiled twitter/bootstrap/bootstrap-tooltip.js  (1ms)  (pid 9578)
Compiled twitter/bootstrap/bootstrap-popover.js  (2ms)  (pid 9578)
Compiled twitter/bootstrap/bootstrap-button.js  (1ms)  (pid 9578)
Compiled twitter/bootstrap/bootstrap-collapse.js  (1ms)  (pid 9578)
Compiled twitter/bootstrap/bootstrap-carousel.js  (1ms)  (pid 9578)
Compiled twitter/bootstrap/bootstrap-typeahead.js  (2ms)  (pid 9578)
Compiled twitter/bootstrap/bootstrap-affix.js  (1ms)  (pid 9578)
Compiled twitter/bootstrap.js  (393ms)  (pid 9578)
Compiled jquery.inview.min.js  (1ms)  (pid 9578)
Compiled jquery.inview.js  (1ms)  (pid 9578)
Compiled bootstrap.js  (349ms)  (pid 9578)
Compiled endless.js  (1ms)  (pid 9578)
Compiled personal_infos.js  (4ms)  (pid 9578)
Compiled quastions.js  (16ms)  (pid 9578)
Compiled thoughts.js  (13ms)  (pid 9578)
Compiled users.js  (2ms)  (pid 9578)
Compiled users/omniauth_callbacks.js  (2ms)  (pid 9578)
Compiled application.js  (1069ms)  (pid 9578)
Compiled twitter-bootstrap-static/bootstrap.css  (278ms)  (pid 9578)
Compiled twitter-bootstrap-static/fontawesome.css  (66ms)  (pid 9578)
Compiled bootstrap_and_overrides.css  (401ms)  (pid 9578)
Compiled personal_infos.css  (30ms)  (pid 9578)
Compiled quastions.css  (81ms)  (pid 9578)
Compiled scaffolds.css  (120ms)  (pid 9578)
Compiled thoughts.css  (6ms)  (pid 9578)
Compiled users.css  (4ms)  (pid 9578)
Compiled users/omniauth_callbacks.css  (3ms)  (pid 9578)
Compiled application.css  (772ms)  (pid 9578)
Compiled jquery.js  (8ms)  (pid 9790)
Compiled jquery_ujs.js  (1ms)  (pid 9790)
Compiled twitter/bootstrap/bootstrap-transition.js  (1ms)  (pid 9790)
Compiled twitter/bootstrap/bootstrap-alert.js  (1ms)  (pid 9790)
Compiled twitter/bootstrap/bootstrap-modal.js  (1ms)  (pid 9790)
Compiled twitter/bootstrap/bootstrap-dropdown.js  (1ms)  (pid 9790)
Compiled twitter/bootstrap/bootstrap-scrollspy.js  (1ms)  (pid 9790)
Compiled twitter/bootstrap/bootstrap-tab.js  (2ms)  (pid 9790)
Compiled twitter/bootstrap/bootstrap-tooltip.js  (2ms)  (pid 9790)
Compiled twitter/bootstrap/bootstrap-popover.js  (2ms)  (pid 9790)
Compiled twitter/bootstrap/bootstrap-button.js  (2ms)  (pid 9790)
Compiled twitter/bootstrap/bootstrap-collapse.js  (1ms)  (pid 9790)
Compiled twitter/bootstrap/bootstrap-carousel.js  (2ms)  (pid 9790)
Compiled twitter/bootstrap/bootstrap-typeahead.js  (1ms)  (pid 9790)
Compiled twitter/bootstrap/bootstrap-affix.js  (1ms)  (pid 9790)
Compiled twitter/bootstrap.js  (395ms)  (pid 9790)
Compiled jquery.inview.min.js  (1ms)  (pid 9790)
Compiled jquery.inview.js  (1ms)  (pid 9790)
Compiled bootstrap.js  (348ms)  (pid 9790)
Compiled endless.js  (0ms)  (pid 9790)
Compiled personal_infos.js  (3ms)  (pid 9790)
Compiled quastions.js  (16ms)  (pid 9790)
Compiled thoughts.js  (12ms)  (pid 9790)
Compiled users.js  (3ms)  (pid 9790)
Compiled users/omniauth_callbacks.js  (3ms)  (pid 9790)
Compiled application.js  (1113ms)  (pid 9790)
Compiled twitter-bootstrap-static/bootstrap.css  (284ms)  (pid 9790)
Compiled twitter-bootstrap-static/fontawesome.css  (126ms)  (pid 9790)
Compiled bootstrap_and_overrides.css  (469ms)  (pid 9790)
Compiled personal_infos.css  (96ms)  (pid 9790)
Compiled quastions.css  (82ms)  (pid 9790)
Compiled scaffolds.css  (52ms)  (pid 9790)
Compiled thoughts.css  (5ms)  (pid 9790)
Compiled users.css  (5ms)  (pid 9790)
Compiled users/omniauth_callbacks.css  (3ms)  (pid 9790)
Compiled application.css  (842ms)  (pid 9790)
Compiled jquery.js  (77ms)  (pid 9790)
Compiled jquery_ujs.js  (1ms)  (pid 9790)
Compiled twitter/bootstrap/bootstrap-transition.js  (1ms)  (pid 9790)
Compiled twitter/bootstrap/bootstrap-alert.js  (1ms)  (pid 9790)
Compiled twitter/bootstrap/bootstrap-modal.js  (1ms)  (pid 9790)
Compiled twitter/bootstrap/bootstrap-dropdown.js  (2ms)  (pid 9790)
Compiled twitter/bootstrap/bootstrap-scrollspy.js  (2ms)  (pid 9790)
Compiled twitter/bootstrap/bootstrap-tab.js  (1ms)  (pid 9790)
Compiled twitter/bootstrap/bootstrap-tooltip.js  (2ms)  (pid 9790)
Compiled twitter/bootstrap/bootstrap-popover.js  (1ms)  (pid 9790)
Compiled twitter/bootstrap/bootstrap-button.js  (2ms)  (pid 9790)
Compiled twitter/bootstrap/bootstrap-collapse.js  (1ms)  (pid 9790)
Compiled twitter/bootstrap/bootstrap-carousel.js  (2ms)  (pid 9790)
Compiled twitter/bootstrap/bootstrap-typeahead.js  (1ms)  (pid 9790)
Compiled twitter/bootstrap/bootstrap-affix.js  (1ms)  (pid 9790)
Compiled twitter/bootstrap.js  (389ms)  (pid 9790)
Compiled jquery.inview.min.js  (1ms)  (pid 9790)
Compiled jquery.inview.js  (1ms)  (pid 9790)
Compiled bootstrap.js  (349ms)  (pid 9790)
Compiled endless.js  (1ms)  (pid 9790)
Compiled personal_infos.js  (4ms)  (pid 9790)
Compiled quastions.js  (16ms)  (pid 9790)
Compiled thoughts.js  (13ms)  (pid 9790)
Compiled users.js  (2ms)  (pid 9790)
Compiled users/omniauth_callbacks.js  (2ms)  (pid 9790)
Compiled application.js  (1102ms)  (pid 9790)
Compiled twitter-bootstrap-static/bootstrap.css  (208ms)  (pid 9790)
Compiled twitter-bootstrap-static/fontawesome.css  (66ms)  (pid 9790)
Compiled bootstrap_and_overrides.css  (395ms)  (pid 9790)
Compiled personal_infos.css  (30ms)  (pid 9790)
Compiled quastions.css  (82ms)  (pid 9790)
Compiled scaffolds.css  (52ms)  (pid 9790)
Compiled thoughts.css  (4ms)  (pid 9790)
Compiled users.css  (4ms)  (pid 9790)
Compiled users/omniauth_callbacks.css  (4ms)  (pid 9790)
Compiled application.css  (763ms)  (pid 9790)
Compiled jquery_ujs.js  (2ms)  (pid 12458)
Compiled twitter/bootstrap/bootstrap-transition.js  (1ms)  (pid 12458)
Compiled twitter/bootstrap/bootstrap-alert.js  (1ms)  (pid 12458)
Compiled twitter/bootstrap/bootstrap-modal.js  (1ms)  (pid 12458)
Compiled twitter/bootstrap/bootstrap-dropdown.js  (2ms)  (pid 12458)
Compiled twitter/bootstrap/bootstrap-scrollspy.js  (2ms)  (pid 12458)
Compiled twitter/bootstrap/bootstrap-tab.js  (1ms)  (pid 12458)
Compiled twitter/bootstrap/bootstrap-tooltip.js  (1ms)  (pid 12458)
Compiled twitter/bootstrap/bootstrap-popover.js  (1ms)  (pid 12458)
Compiled twitter/bootstrap/bootstrap-button.js  (1ms)  (pid 12458)
Compiled twitter/bootstrap/bootstrap-collapse.js  (1ms)  (pid 12458)
Compiled twitter/bootstrap/bootstrap-carousel.js  (1ms)  (pid 12458)
Compiled twitter/bootstrap/bootstrap-typeahead.js  (1ms)  (pid 12458)
Compiled twitter/bootstrap/bootstrap-affix.js  (2ms)  (pid 12458)
Compiled twitter/bootstrap.js  (421ms)  (pid 12458)
Compiled jquery.inview.min.js  (1ms)  (pid 12458)
Compiled jquery.inview.js  (1ms)  (pid 12458)
Compiled bootstrap.js  (392ms)  (pid 12458)
Compiled endless.js  (0ms)  (pid 12458)
Compiled personal_infos.js  (4ms)  (pid 12458)
Compiled quastions.js  (17ms)  (pid 12458)
Compiled thoughts.js  (13ms)  (pid 12458)
Compiled users.js  (3ms)  (pid 12458)
Compiled users/omniauth_callbacks.js  (2ms)  (pid 12458)
Compiled application.js  (1130ms)  (pid 12458)
Compiled twitter-bootstrap-static/bootstrap.css  (288ms)  (pid 12458)
Compiled twitter-bootstrap-static/fontawesome.css  (128ms)  (pid 12458)
Compiled bootstrap_and_overrides.css  (480ms)  (pid 12458)
Compiled personal_infos.css  (31ms)  (pid 12458)
Compiled quastions.css  (89ms)  (pid 12458)
Compiled scaffolds.css  (55ms)  (pid 12458)
Compiled thoughts.css  (6ms)  (pid 12458)
Compiled users.css  (6ms)  (pid 12458)
Compiled users/omniauth_callbacks.css  (5ms)  (pid 12458)
Compiled application.css  (908ms)  (pid 12458)
Compiled jquery_ujs.js  (2ms)  (pid 12458)
Compiled twitter/bootstrap/bootstrap-transition.js  (1ms)  (pid 12458)
Compiled twitter/bootstrap/bootstrap-alert.js  (1ms)  (pid 12458)
Compiled twitter/bootstrap/bootstrap-modal.js  (1ms)  (pid 12458)
Compiled twitter/bootstrap/bootstrap-dropdown.js  (2ms)  (pid 12458)
Compiled twitter/bootstrap/bootstrap-scrollspy.js  (1ms)  (pid 12458)
Compiled twitter/bootstrap/bootstrap-tab.js  (1ms)  (pid 12458)
Compiled twitter/bootstrap/bootstrap-tooltip.js  (1ms)  (pid 12458)
Compiled twitter/bootstrap/bootstrap-popover.js  (1ms)  (pid 12458)
Compiled twitter/bootstrap/bootstrap-button.js  (1ms)  (pid 12458)
Compiled twitter/bootstrap/bootstrap-collapse.js  (1ms)  (pid 12458)
Compiled twitter/bootstrap/bootstrap-carousel.js  (1ms)  (pid 12458)
Compiled twitter/bootstrap/bootstrap-typeahead.js  (1ms)  (pid 12458)
Compiled twitter/bootstrap/bootstrap-affix.js  (1ms)  (pid 12458)
Compiled twitter/bootstrap.js  (417ms)  (pid 12458)
Compiled jquery.inview.min.js  (0ms)  (pid 12458)
Compiled jquery.inview.js  (1ms)  (pid 12458)
Compiled bootstrap.js  (373ms)  (pid 12458)
Compiled endless.js  (1ms)  (pid 12458)
Compiled personal_infos.js  (3ms)  (pid 12458)
Compiled quastions.js  (17ms)  (pid 12458)
Compiled thoughts.js  (14ms)  (pid 12458)
Compiled users.js  (2ms)  (pid 12458)
Compiled users/omniauth_callbacks.js  (2ms)  (pid 12458)
Compiled application.js  (1136ms)  (pid 12458)
Compiled twitter-bootstrap-static/bootstrap.css  (290ms)  (pid 12458)
Compiled twitter-bootstrap-static/fontawesome.css  (70ms)  (pid 12458)
Compiled bootstrap_and_overrides.css  (422ms)  (pid 12458)
Compiled personal_infos.css  (30ms)  (pid 12458)
Compiled quastions.css  (86ms)  (pid 12458)
Compiled scaffolds.css  (56ms)  (pid 12458)
Compiled thoughts.css  (6ms)  (pid 12458)
Compiled users.css  (4ms)  (pid 12458)
Compiled users/omniauth_callbacks.css  (3ms)  (pid 12458)
Compiled application.css  (810ms)  (pid 12458)
Compiled jquery_ujs.js  (1ms)  (pid 13021)
Compiled twitter/bootstrap/bootstrap-transition.js  (2ms)  (pid 13021)
Compiled twitter/bootstrap/bootstrap-alert.js  (1ms)  (pid 13021)
Compiled twitter/bootstrap/bootstrap-modal.js  (1ms)  (pid 13021)
Compiled twitter/bootstrap/bootstrap-dropdown.js  (1ms)  (pid 13021)
Compiled twitter/bootstrap/bootstrap-scrollspy.js  (1ms)  (pid 13021)
Compiled twitter/bootstrap/bootstrap-tab.js  (1ms)  (pid 13021)
Compiled twitter/bootstrap/bootstrap-tooltip.js  (1ms)  (pid 13021)
Compiled twitter/bootstrap/bootstrap-popover.js  (2ms)  (pid 13021)
Compiled twitter/bootstrap/bootstrap-button.js  (2ms)  (pid 13021)
Compiled twitter/bootstrap/bootstrap-collapse.js  (2ms)  (pid 13021)
Compiled twitter/bootstrap/bootstrap-carousel.js  (1ms)  (pid 13021)
Compiled twitter/bootstrap/bootstrap-typeahead.js  (1ms)  (pid 13021)
Compiled twitter/bootstrap/bootstrap-affix.js  (1ms)  (pid 13021)
Compiled twitter/bootstrap.js  (422ms)  (pid 13021)
Compiled jquery.inview.min.js  (1ms)  (pid 13021)
Compiled jquery.inview.js  (1ms)  (pid 13021)
Compiled bootstrap.js  (375ms)  (pid 13021)
Compiled endless.js  (1ms)  (pid 13021)
Compiled personal_infos.js  (5ms)  (pid 13021)
Compiled quastions.js  (21ms)  (pid 13021)
Compiled thoughts.js  (17ms)  (pid 13021)
Compiled users.js  (3ms)  (pid 13021)
Compiled users/omniauth_callbacks.js  (3ms)  (pid 13021)
Compiled application.js  (1121ms)  (pid 13021)
Compiled twitter-bootstrap-static/bootstrap.css  (292ms)  (pid 13021)
Compiled twitter-bootstrap-static/fontawesome.css  (130ms)  (pid 13021)
Compiled bootstrap_and_overrides.css  (484ms)  (pid 13021)
Compiled personal_infos.css  (31ms)  (pid 13021)
Compiled quastions.css  (88ms)  (pid 13021)
Compiled scaffolds.css  (55ms)  (pid 13021)
Compiled thoughts.css  (4ms)  (pid 13021)
Compiled users.css  (4ms)  (pid 13021)
Compiled users/omniauth_callbacks.css  (5ms)  (pid 13021)
Compiled application.css  (875ms)  (pid 13021)
Compiled jquery_ujs.js  (2ms)  (pid 13021)
Compiled twitter/bootstrap/bootstrap-transition.js  (1ms)  (pid 13021)
Compiled twitter/bootstrap/bootstrap-alert.js  (1ms)  (pid 13021)
Compiled twitter/bootstrap/bootstrap-modal.js  (1ms)  (pid 13021)
Compiled twitter/bootstrap/bootstrap-dropdown.js  (2ms)  (pid 13021)
Compiled twitter/bootstrap/bootstrap-scrollspy.js  (1ms)  (pid 13021)
Compiled twitter/bootstrap/bootstrap-tab.js  (1ms)  (pid 13021)
Compiled twitter/bootstrap/bootstrap-tooltip.js  (1ms)  (pid 13021)
Compiled twitter/bootstrap/bootstrap-popover.js  (1ms)  (pid 13021)
Compiled twitter/bootstrap/bootstrap-button.js  (1ms)  (pid 13021)
Compiled twitter/bootstrap/bootstrap-collapse.js  (1ms)  (pid 13021)
Compiled twitter/bootstrap/bootstrap-carousel.js  (1ms)  (pid 13021)
Compiled twitter/bootstrap/bootstrap-typeahead.js  (1ms)  (pid 13021)
Compiled twitter/bootstrap/bootstrap-affix.js  (1ms)  (pid 13021)
Compiled twitter/bootstrap.js  (416ms)  (pid 13021)
Compiled jquery.inview.min.js  (0ms)  (pid 13021)
Compiled jquery.inview.js  (1ms)  (pid 13021)
Compiled bootstrap.js  (374ms)  (pid 13021)
Compiled endless.js  (1ms)  (pid 13021)
Compiled personal_infos.js  (3ms)  (pid 13021)
Compiled quastions.js  (17ms)  (pid 13021)
Compiled thoughts.js  (12ms)  (pid 13021)
Compiled users.js  (4ms)  (pid 13021)
Compiled users/omniauth_callbacks.js  (3ms)  (pid 13021)
Compiled application.js  (1132ms)  (pid 13021)
Compiled twitter-bootstrap-static/bootstrap.css  (286ms)  (pid 13021)
Compiled twitter-bootstrap-static/fontawesome.css  (68ms)  (pid 13021)
Compiled bootstrap_and_overrides.css  (417ms)  (pid 13021)
Compiled personal_infos.css  (31ms)  (pid 13021)
Compiled quastions.css  (86ms)  (pid 13021)
Compiled scaffolds.css  (57ms)  (pid 13021)
Compiled thoughts.css  (7ms)  (pid 13021)
Compiled users.css  (4ms)  (pid 13021)
Compiled users/omniauth_callbacks.css  (3ms)  (pid 13021)
Compiled application.css  (809ms)  (pid 13021)
Compiled jquery.js  (8ms)  (pid 13350)
Compiled jquery_ujs.js  (1ms)  (pid 13350)
Compiled twitter/bootstrap/bootstrap-transition.js  (1ms)  (pid 13350)
Compiled twitter/bootstrap/bootstrap-alert.js  (1ms)  (pid 13350)
Compiled twitter/bootstrap/bootstrap-modal.js  (2ms)  (pid 13350)
Compiled twitter/bootstrap/bootstrap-dropdown.js  (1ms)  (pid 13350)
Compiled twitter/bootstrap/bootstrap-scrollspy.js  (1ms)  (pid 13350)
Compiled twitter/bootstrap/bootstrap-tab.js  (1ms)  (pid 13350)
Compiled twitter/bootstrap/bootstrap-tooltip.js  (1ms)  (pid 13350)
Compiled twitter/bootstrap/bootstrap-popover.js  (2ms)  (pid 13350)
Compiled twitter/bootstrap/bootstrap-button.js  (1ms)  (pid 13350)
Compiled twitter/bootstrap/bootstrap-collapse.js  (1ms)  (pid 13350)
Compiled twitter/bootstrap/bootstrap-carousel.js  (2ms)  (pid 13350)
Compiled twitter/bootstrap/bootstrap-typeahead.js  (1ms)  (pid 13350)
Compiled twitter/bootstrap/bootstrap-affix.js  (2ms)  (pid 13350)
Compiled twitter/bootstrap.js  (419ms)  (pid 13350)
Compiled jquery.inview.min.js  (1ms)  (pid 13350)
Compiled jquery.inview.js  (1ms)  (pid 13350)
Compiled bootstrap.js  (368ms)  (pid 13350)
Compiled endless.js  (0ms)  (pid 13350)
Compiled personal_infos.js  (5ms)  (pid 13350)
Compiled quastions.js  (17ms)  (pid 13350)
Compiled thoughts.js  (13ms)  (pid 13350)
Compiled users.js  (3ms)  (pid 13350)
Compiled users/omniauth_callbacks.js  (3ms)  (pid 13350)
Compiled application.js  (1182ms)  (pid 13350)
Compiled twitter-bootstrap-static/bootstrap.css  (288ms)  (pid 13350)
Compiled twitter-bootstrap-static/fontawesome.css  (129ms)  (pid 13350)
Compiled bootstrap_and_overrides.css  (482ms)  (pid 13350)
Compiled personal_infos.css  (101ms)  (pid 13350)
Compiled quastions.css  (90ms)  (pid 13350)
Compiled scaffolds.css  (56ms)  (pid 13350)
Compiled thoughts.css  (4ms)  (pid 13350)
Compiled users.css  (4ms)  (pid 13350)
Compiled users/omniauth_callbacks.css  (5ms)  (pid 13350)
Compiled application.css  (879ms)  (pid 13350)
Compiled jquery.js  (76ms)  (pid 13350)
Compiled jquery_ujs.js  (1ms)  (pid 13350)
Compiled twitter/bootstrap/bootstrap-transition.js  (1ms)  (pid 13350)
Compiled twitter/bootstrap/bootstrap-alert.js  (1ms)  (pid 13350)
Compiled twitter/bootstrap/bootstrap-modal.js  (1ms)  (pid 13350)
Compiled twitter/bootstrap/bootstrap-dropdown.js  (2ms)  (pid 13350)
Compiled twitter/bootstrap/bootstrap-scrollspy.js  (1ms)  (pid 13350)
Compiled twitter/bootstrap/bootstrap-tab.js  (1ms)  (pid 13350)
Compiled twitter/bootstrap/bootstrap-tooltip.js  (1ms)  (pid 13350)
Compiled twitter/bootstrap/bootstrap-popover.js  (1ms)  (pid 13350)
Compiled twitter/bootstrap/bootstrap-button.js  (1ms)  (pid 13350)
Compiled twitter/bootstrap/bootstrap-collapse.js  (1ms)  (pid 13350)
Compiled twitter/bootstrap/bootstrap-carousel.js  (1ms)  (pid 13350)
Compiled twitter/bootstrap/bootstrap-typeahead.js  (1ms)  (pid 13350)
Compiled twitter/bootstrap/bootstrap-affix.js  (1ms)  (pid 13350)
Compiled twitter/bootstrap.js  (412ms)  (pid 13350)
Compiled jquery.inview.min.js  (1ms)  (pid 13350)
Compiled jquery.inview.js  (1ms)  (pid 13350)
Compiled bootstrap.js  (373ms)  (pid 13350)
Compiled endless.js  (0ms)  (pid 13350)
Compiled personal_infos.js  (5ms)  (pid 13350)
Compiled quastions.js  (17ms)  (pid 13350)
Compiled thoughts.js  (14ms)  (pid 13350)
Compiled users.js  (2ms)  (pid 13350)
Compiled users/omniauth_callbacks.js  (2ms)  (pid 13350)
Compiled application.js  (1172ms)  (pid 13350)
Compiled twitter-bootstrap-static/bootstrap.css  (215ms)  (pid 13350)
Compiled twitter-bootstrap-static/fontawesome.css  (68ms)  (pid 13350)
Compiled bootstrap_and_overrides.css  (413ms)  (pid 13350)
Compiled personal_infos.css  (32ms)  (pid 13350)
Compiled quastions.css  (87ms)  (pid 13350)
Compiled scaffolds.css  (57ms)  (pid 13350)
Compiled thoughts.css  (5ms)  (pid 13350)
Compiled users.css  (4ms)  (pid 13350)
Compiled users/omniauth_callbacks.css  (4ms)  (pid 13350)
Compiled application.css  (804ms)  (pid 13350)
Compiled jquery_ujs.js  (1ms)  (pid 11552)
Compiled twitter/bootstrap/bootstrap-transition.js  (1ms)  (pid 11552)
Compiled twitter/bootstrap/bootstrap-alert.js  (1ms)  (pid 11552)
Compiled twitter/bootstrap/bootstrap-modal.js  (1ms)  (pid 11552)
Compiled twitter/bootstrap/bootstrap-dropdown.js  (1ms)  (pid 11552)
Compiled twitter/bootstrap/bootstrap-scrollspy.js  (2ms)  (pid 11552)
Compiled twitter/bootstrap/bootstrap-tab.js  (1ms)  (pid 11552)
Compiled twitter/bootstrap/bootstrap-tooltip.js  (1ms)  (pid 11552)
Compiled twitter/bootstrap/bootstrap-popover.js  (1ms)  (pid 11552)
Compiled twitter/bootstrap/bootstrap-button.js  (2ms)  (pid 11552)
Compiled twitter/bootstrap/bootstrap-collapse.js  (1ms)  (pid 11552)
Compiled twitter/bootstrap/bootstrap-carousel.js  (1ms)  (pid 11552)
Compiled twitter/bootstrap/bootstrap-typeahead.js  (1ms)  (pid 11552)
Compiled twitter/bootstrap/bootstrap-affix.js  (1ms)  (pid 11552)
Compiled twitter/bootstrap.js  (400ms)  (pid 11552)
Compiled jquery.inview.min.js  (1ms)  (pid 11552)
Compiled jquery.inview.js  (1ms)  (pid 11552)
Compiled bootstrap.js  (352ms)  (pid 11552)
Compiled endless.js  (0ms)  (pid 11552)
Compiled personal_infos.js  (3ms)  (pid 11552)
Compiled quastions.js  (15ms)  (pid 11552)
Compiled thoughts.js  (12ms)  (pid 11552)
Compiled users.js  (2ms)  (pid 11552)
Compiled users/omniauth_callbacks.js  (2ms)  (pid 11552)
Compiled application.js  (1168ms)  (pid 11552)
Compiled twitter-bootstrap-static/bootstrap.css  (276ms)  (pid 11552)
Compiled twitter-bootstrap-static/fontawesome.css  (198ms)  (pid 11552)
Compiled bootstrap_and_overrides.css  (530ms)  (pid 11552)
Compiled personal_infos.css  (53ms)  (pid 11552)
Compiled quastions.css  (76ms)  (pid 11552)
Compiled scaffolds.css  (48ms)  (pid 11552)
Compiled thoughts.css  (4ms)  (pid 11552)
Compiled users.css  (4ms)  (pid 11552)
Compiled users/omniauth_callbacks.css  (4ms)  (pid 11552)
Compiled application.css  (922ms)  (pid 11552)
Compiled jquery_ujs.js  (1ms)  (pid 11552)
Compiled twitter/bootstrap/bootstrap-transition.js  (1ms)  (pid 11552)
Compiled twitter/bootstrap/bootstrap-alert.js  (1ms)  (pid 11552)
Compiled twitter/bootstrap/bootstrap-modal.js  (1ms)  (pid 11552)
Compiled twitter/bootstrap/bootstrap-dropdown.js  (1ms)  (pid 11552)
Compiled twitter/bootstrap/bootstrap-scrollspy.js  (1ms)  (pid 11552)
Compiled twitter/bootstrap/bootstrap-tab.js  (1ms)  (pid 11552)
Compiled twitter/bootstrap/bootstrap-tooltip.js  (1ms)  (pid 11552)
Compiled twitter/bootstrap/bootstrap-popover.js  (1ms)  (pid 11552)
Compiled twitter/bootstrap/bootstrap-button.js  (1ms)  (pid 11552)
Compiled twitter/bootstrap/bootstrap-collapse.js  (1ms)  (pid 11552)
Compiled twitter/bootstrap/bootstrap-carousel.js  (1ms)  (pid 11552)
Compiled twitter/bootstrap/bootstrap-typeahead.js  (1ms)  (pid 11552)
Compiled twitter/bootstrap/bootstrap-affix.js  (1ms)  (pid 11552)
Compiled twitter/bootstrap.js  (374ms)  (pid 11552)
Compiled jquery.inview.min.js  (1ms)  (pid 11552)
Compiled jquery.inview.js  (1ms)  (pid 11552)
Compiled bootstrap.js  (322ms)  (pid 11552)
Compiled endless.js  (0ms)  (pid 11552)
Compiled personal_infos.js  (3ms)  (pid 11552)
Compiled quastions.js  (15ms)  (pid 11552)
Compiled thoughts.js  (12ms)  (pid 11552)
Compiled users.js  (2ms)  (pid 11552)
Compiled users/omniauth_callbacks.js  (2ms)  (pid 11552)
Compiled application.js  (1015ms)  (pid 11552)
Compiled twitter-bootstrap-static/bootstrap.css  (275ms)  (pid 11552)
Compiled twitter-bootstrap-static/fontawesome.css  (61ms)  (pid 11552)
Compiled bootstrap_and_overrides.css  (391ms)  (pid 11552)
Compiled personal_infos.css  (100ms)  (pid 11552)
Compiled quastions.css  (75ms)  (pid 11552)
Compiled scaffolds.css  (48ms)  (pid 11552)
Compiled thoughts.css  (4ms)  (pid 11552)
Compiled users.css  (4ms)  (pid 11552)
Compiled users/omniauth_callbacks.css  (3ms)  (pid 11552)
Compiled application.css  (739ms)  (pid 11552)
Compiled jquery_ujs.js  (1ms)  (pid 11744)
Compiled twitter/bootstrap/bootstrap-transition.js  (1ms)  (pid 11744)
Compiled twitter/bootstrap/bootstrap-alert.js  (1ms)  (pid 11744)
Compiled twitter/bootstrap/bootstrap-modal.js  (1ms)  (pid 11744)
Compiled twitter/bootstrap/bootstrap-dropdown.js  (1ms)  (pid 11744)
Compiled twitter/bootstrap/bootstrap-scrollspy.js  (1ms)  (pid 11744)
Compiled twitter/bootstrap/bootstrap-tab.js  (1ms)  (pid 11744)
Compiled twitter/bootstrap/bootstrap-tooltip.js  (1ms)  (pid 11744)
Compiled twitter/bootstrap/bootstrap-popover.js  (1ms)  (pid 11744)
Compiled twitter/bootstrap/bootstrap-button.js  (5ms)  (pid 11744)
Compiled twitter/bootstrap/bootstrap-collapse.js  (1ms)  (pid 11744)
Compiled twitter/bootstrap/bootstrap-carousel.js  (1ms)  (pid 11744)
Compiled twitter/bootstrap/bootstrap-typeahead.js  (1ms)  (pid 11744)
Compiled twitter/bootstrap/bootstrap-affix.js  (1ms)  (pid 11744)
Compiled twitter/bootstrap.js  (378ms)  (pid 11744)
Compiled jquery.inview.min.js  (1ms)  (pid 11744)
Compiled jquery.inview.js  (1ms)  (pid 11744)
Compiled bootstrap.js  (322ms)  (pid 11744)
Compiled endless.js  (0ms)  (pid 11744)
Compiled personal_infos.js  (3ms)  (pid 11744)
Compiled quastions.js  (15ms)  (pid 11744)
Compiled thoughts.js  (12ms)  (pid 11744)
Compiled users.js  (2ms)  (pid 11744)
Compiled users/omniauth_callbacks.js  (2ms)  (pid 11744)
Compiled application.js  (1018ms)  (pid 11744)
Compiled twitter-bootstrap-static/bootstrap.css  (274ms)  (pid 11744)
Compiled twitter-bootstrap-static/fontawesome.css  (187ms)  (pid 11744)
Compiled bootstrap_and_overrides.css  (515ms)  (pid 11744)
Compiled personal_infos.css  (30ms)  (pid 11744)
Compiled quastions.css  (75ms)  (pid 11744)
Compiled scaffolds.css  (48ms)  (pid 11744)
Compiled thoughts.css  (4ms)  (pid 11744)
Compiled users.css  (4ms)  (pid 11744)
Compiled users/omniauth_callbacks.css  (4ms)  (pid 11744)
Compiled application.css  (873ms)  (pid 11744)
Compiled jquery_ujs.js  (1ms)  (pid 11744)
Compiled twitter/bootstrap/bootstrap-transition.js  (1ms)  (pid 11744)
Compiled twitter/bootstrap/bootstrap-alert.js  (1ms)  (pid 11744)
Compiled twitter/bootstrap/bootstrap-modal.js  (1ms)  (pid 11744)
Compiled twitter/bootstrap/bootstrap-dropdown.js  (1ms)  (pid 11744)
Compiled twitter/bootstrap/bootstrap-scrollspy.js  (1ms)  (pid 11744)
Compiled twitter/bootstrap/bootstrap-tab.js  (1ms)  (pid 11744)
Compiled twitter/bootstrap/bootstrap-tooltip.js  (1ms)  (pid 11744)
Compiled twitter/bootstrap/bootstrap-popover.js  (1ms)  (pid 11744)
Compiled twitter/bootstrap/bootstrap-button.js  (1ms)  (pid 11744)
Compiled twitter/bootstrap/bootstrap-collapse.js  (1ms)  (pid 11744)
Compiled twitter/bootstrap/bootstrap-carousel.js  (1ms)  (pid 11744)
Compiled twitter/bootstrap/bootstrap-typeahead.js  (1ms)  (pid 11744)
Compiled twitter/bootstrap/bootstrap-affix.js  (1ms)  (pid 11744)
Compiled twitter/bootstrap.js  (371ms)  (pid 11744)
Compiled jquery.inview.min.js  (1ms)  (pid 11744)
Compiled jquery.inview.js  (1ms)  (pid 11744)
Compiled bootstrap.js  (321ms)  (pid 11744)
Compiled endless.js  (0ms)  (pid 11744)
Compiled personal_infos.js  (3ms)  (pid 11744)
Compiled quastions.js  (15ms)  (pid 11744)
Compiled thoughts.js  (12ms)  (pid 11744)
Compiled users.js  (2ms)  (pid 11744)
Compiled users/omniauth_callbacks.js  (2ms)  (pid 11744)
Compiled application.js  (1008ms)  (pid 11744)
Compiled twitter-bootstrap-static/bootstrap.css  (286ms)  (pid 11744)
Compiled twitter-bootstrap-static/fontawesome.css  (61ms)  (pid 11744)
Compiled bootstrap_and_overrides.css  (401ms)  (pid 11744)
Compiled personal_infos.css  (101ms)  (pid 11744)
Compiled quastions.css  (76ms)  (pid 11744)
Compiled scaffolds.css  (49ms)  (pid 11744)
Compiled thoughts.css  (4ms)  (pid 11744)
Compiled users.css  (4ms)  (pid 11744)
Compiled users/omniauth_callbacks.css  (3ms)  (pid 11744)
Compiled application.css  (751ms)  (pid 11744)
Compiled jquery.js  (6ms)  (pid 12069)
Compiled jquery_ujs.js  (1ms)  (pid 12069)
Compiled twitter/bootstrap/bootstrap-transition.js  (1ms)  (pid 12069)
Compiled twitter/bootstrap/bootstrap-alert.js  (1ms)  (pid 12069)
Compiled twitter/bootstrap/bootstrap-modal.js  (1ms)  (pid 12069)
Compiled twitter/bootstrap/bootstrap-dropdown.js  (1ms)  (pid 12069)
Compiled twitter/bootstrap/bootstrap-scrollspy.js  (1ms)  (pid 12069)
Compiled twitter/bootstrap/bootstrap-tab.js  (1ms)  (pid 12069)
Compiled twitter/bootstrap/bootstrap-tooltip.js  (1ms)  (pid 12069)
Compiled twitter/bootstrap/bootstrap-popover.js  (1ms)  (pid 12069)
Compiled twitter/bootstrap/bootstrap-button.js  (1ms)  (pid 12069)
Compiled twitter/bootstrap/bootstrap-collapse.js  (1ms)  (pid 12069)
Compiled twitter/bootstrap/bootstrap-carousel.js  (1ms)  (pid 12069)
Compiled twitter/bootstrap/bootstrap-typeahead.js  (1ms)  (pid 12069)
Compiled twitter/bootstrap/bootstrap-affix.js  (1ms)  (pid 12069)
Compiled twitter/bootstrap.js  (375ms)  (pid 12069)
Compiled jquery.inview.min.js  (1ms)  (pid 12069)
Compiled jquery.inview.js  (1ms)  (pid 12069)
Compiled bootstrap.js  (320ms)  (pid 12069)
Compiled endless.js  (0ms)  (pid 12069)
Compiled personal_infos.js  (3ms)  (pid 12069)
Compiled quastions.js  (15ms)  (pid 12069)
Compiled thoughts.js  (17ms)  (pid 12069)
Compiled users.js  (3ms)  (pid 12069)
Compiled users/omniauth_callbacks.js  (3ms)  (pid 12069)
Compiled application.js  (1082ms)  (pid 12069)
Compiled twitter-bootstrap-static/bootstrap.css  (278ms)  (pid 12069)
Compiled twitter-bootstrap-static/fontawesome.css  (112ms)  (pid 12069)
Compiled bootstrap_and_overrides.css  (519ms)  (pid 12069)
Compiled personal_infos.css  (30ms)  (pid 12069)
Compiled quastions.css  (75ms)  (pid 12069)
Compiled scaffolds.css  (49ms)  (pid 12069)
Compiled thoughts.css  (4ms)  (pid 12069)
Compiled users.css  (4ms)  (pid 12069)
Compiled users/omniauth_callbacks.css  (3ms)  (pid 12069)
Compiled application.css  (801ms)  (pid 12069)
Compiled jquery.js  (7ms)  (pid 12069)
Compiled jquery_ujs.js  (1ms)  (pid 12069)
Compiled twitter/bootstrap/bootstrap-transition.js  (1ms)  (pid 12069)
Compiled twitter/bootstrap/bootstrap-alert.js  (1ms)  (pid 12069)
Compiled twitter/bootstrap/bootstrap-modal.js  (1ms)  (pid 12069)
Compiled twitter/bootstrap/bootstrap-dropdown.js  (1ms)  (pid 12069)
Compiled twitter/bootstrap/bootstrap-scrollspy.js  (1ms)  (pid 12069)
Compiled twitter/bootstrap/bootstrap-tab.js  (1ms)  (pid 12069)
Compiled twitter/bootstrap/bootstrap-tooltip.js  (1ms)  (pid 12069)
Compiled twitter/bootstrap/bootstrap-popover.js  (1ms)  (pid 12069)
Compiled twitter/bootstrap/bootstrap-button.js  (1ms)  (pid 12069)
Compiled twitter/bootstrap/bootstrap-collapse.js  (1ms)  (pid 12069)
Compiled twitter/bootstrap/bootstrap-carousel.js  (1ms)  (pid 12069)
Compiled twitter/bootstrap/bootstrap-typeahead.js  (1ms)  (pid 12069)
Compiled twitter/bootstrap/bootstrap-affix.js  (1ms)  (pid 12069)
Compiled twitter/bootstrap.js  (370ms)  (pid 12069)
Compiled jquery.inview.min.js  (1ms)  (pid 12069)
Compiled jquery.inview.js  (1ms)  (pid 12069)
Compiled bootstrap.js  (320ms)  (pid 12069)
Compiled endless.js  (1ms)  (pid 12069)
Compiled personal_infos.js  (3ms)  (pid 12069)
Compiled quastions.js  (15ms)  (pid 12069)
Compiled thoughts.js  (12ms)  (pid 12069)
Compiled users.js  (2ms)  (pid 12069)
Compiled users/omniauth_callbacks.js  (2ms)  (pid 12069)
Compiled application.js  (1113ms)  (pid 12069)
Compiled twitter-bootstrap-static/bootstrap.css  (274ms)  (pid 12069)
Compiled twitter-bootstrap-static/fontawesome.css  (62ms)  (pid 12069)
Compiled bootstrap_and_overrides.css  (389ms)  (pid 12069)
Compiled personal_infos.css  (101ms)  (pid 12069)
Compiled quastions.css  (76ms)  (pid 12069)
Compiled scaffolds.css  (48ms)  (pid 12069)
Compiled thoughts.css  (4ms)  (pid 12069)
Compiled users.css  (4ms)  (pid 12069)
Compiled users/omniauth_callbacks.css  (3ms)  (pid 12069)
Compiled application.css  (741ms)  (pid 12069)
Compiled jquery_ujs.js  (1ms)  (pid 27800)
Compiled twitter/bootstrap/bootstrap-transition.js  (1ms)  (pid 27800)
Compiled twitter/bootstrap/bootstrap-alert.js  (1ms)  (pid 27800)
Compiled twitter/bootstrap/bootstrap-modal.js  (1ms)  (pid 27800)
Compiled twitter/bootstrap/bootstrap-dropdown.js  (1ms)  (pid 27800)
Compiled twitter/bootstrap/bootstrap-scrollspy.js  (1ms)  (pid 27800)
Compiled twitter/bootstrap/bootstrap-tab.js  (1ms)  (pid 27800)
Compiled twitter/bootstrap/bootstrap-tooltip.js  (1ms)  (pid 27800)
Compiled twitter/bootstrap/bootstrap-popover.js  (1ms)  (pid 27800)
Compiled twitter/bootstrap/bootstrap-button.js  (2ms)  (pid 27800)
Compiled twitter/bootstrap/bootstrap-collapse.js  (1ms)  (pid 27800)
Compiled twitter/bootstrap/bootstrap-carousel.js  (1ms)  (pid 27800)
Compiled twitter/bootstrap/bootstrap-typeahead.js  (1ms)  (pid 27800)
Compiled twitter/bootstrap/bootstrap-affix.js  (1ms)  (pid 27800)
Compiled twitter/bootstrap.js  (376ms)  (pid 27800)
Compiled jquery.inview.min.js  (1ms)  (pid 27800)
Compiled jquery.inview.js  (1ms)  (pid 27800)
Compiled bootstrap.js  (319ms)  (pid 27800)
Compiled endless.js  (0ms)  (pid 27800)
Compiled personal_infos.js  (3ms)  (pid 27800)
Compiled quastions.js  (15ms)  (pid 27800)
Compiled thoughts.js  (12ms)  (pid 27800)
Compiled users.js  (2ms)  (pid 27800)
Compiled users/omniauth_callbacks.js  (2ms)  (pid 27800)
Compiled application.js  (1014ms)  (pid 27800)
Compiled twitter-bootstrap-static/bootstrap.css  (275ms)  (pid 27800)
Compiled twitter-bootstrap-static/fontawesome.css  (186ms)  (pid 27800)
Compiled bootstrap_and_overrides.css  (516ms)  (pid 27800)
Compiled personal_infos.css  (29ms)  (pid 27800)
Compiled quastions.css  (75ms)  (pid 27800)
Compiled scaffolds.css  (49ms)  (pid 27800)
Compiled thoughts.css  (4ms)  (pid 27800)
Compiled users.css  (4ms)  (pid 27800)
Compiled users/omniauth_callbacks.css  (4ms)  (pid 27800)
Compiled application.css  (875ms)  (pid 27800)
Compiled jquery_ujs.js  (1ms)  (pid 27800)
Compiled twitter/bootstrap/bootstrap-transition.js  (1ms)  (pid 27800)
Compiled twitter/bootstrap/bootstrap-alert.js  (1ms)  (pid 27800)
Compiled twitter/bootstrap/bootstrap-modal.js  (1ms)  (pid 27800)
Compiled twitter/bootstrap/bootstrap-dropdown.js  (1ms)  (pid 27800)
Compiled twitter/bootstrap/bootstrap-scrollspy.js  (1ms)  (pid 27800)
Compiled twitter/bootstrap/bootstrap-tab.js  (1ms)  (pid 27800)
Compiled twitter/bootstrap/bootstrap-tooltip.js  (1ms)  (pid 27800)
Compiled twitter/bootstrap/bootstrap-popover.js  (1ms)  (pid 27800)
Compiled twitter/bootstrap/bootstrap-button.js  (1ms)  (pid 27800)
Compiled twitter/bootstrap/bootstrap-collapse.js  (1ms)  (pid 27800)
Compiled twitter/bootstrap/bootstrap-carousel.js  (1ms)  (pid 27800)
Compiled twitter/bootstrap/bootstrap-typeahead.js  (1ms)  (pid 27800)
Compiled twitter/bootstrap/bootstrap-affix.js  (1ms)  (pid 27800)
Compiled twitter/bootstrap.js  (369ms)  (pid 27800)
Compiled jquery.inview.min.js  (1ms)  (pid 27800)
Compiled jquery.inview.js  (1ms)  (pid 27800)
Compiled bootstrap.js  (321ms)  (pid 27800)
Compiled endless.js  (0ms)  (pid 27800)
Compiled personal_infos.js  (3ms)  (pid 27800)
Compiled quastions.js  (15ms)  (pid 27800)
Compiled thoughts.js  (12ms)  (pid 27800)
Compiled users.js  (2ms)  (pid 27800)
Compiled users/omniauth_callbacks.js  (2ms)  (pid 27800)
Compiled application.js  (1004ms)  (pid 27800)
Compiled twitter-bootstrap-static/bootstrap.css  (272ms)  (pid 27800)
Compiled twitter-bootstrap-static/fontawesome.css  (60ms)  (pid 27800)
Compiled bootstrap_and_overrides.css  (386ms)  (pid 27800)
Compiled personal_infos.css  (100ms)  (pid 27800)
Compiled quastions.css  (76ms)  (pid 27800)
Compiled scaffolds.css  (48ms)  (pid 27800)
Compiled thoughts.css  (4ms)  (pid 27800)
Compiled users.css  (4ms)  (pid 27800)
Compiled users/omniauth_callbacks.css  (3ms)  (pid 27800)
Compiled application.css  (734ms)  (pid 27800)
Compiled jquery_ujs.js  (1ms)  (pid 27946)
Compiled twitter/bootstrap/bootstrap-transition.js  (1ms)  (pid 27946)
Compiled twitter/bootstrap/bootstrap-alert.js  (1ms)  (pid 27946)
Compiled twitter/bootstrap/bootstrap-modal.js  (1ms)  (pid 27946)
Compiled twitter/bootstrap/bootstrap-dropdown.js  (1ms)  (pid 27946)
Compiled twitter/bootstrap/bootstrap-scrollspy.js  (1ms)  (pid 27946)
Compiled twitter/bootstrap/bootstrap-tab.js  (1ms)  (pid 27946)
Compiled twitter/bootstrap/bootstrap-tooltip.js  (1ms)  (pid 27946)
Compiled twitter/bootstrap/bootstrap-popover.js  (1ms)  (pid 27946)
Compiled twitter/bootstrap/bootstrap-button.js  (5ms)  (pid 27946)
Compiled twitter/bootstrap/bootstrap-collapse.js  (1ms)  (pid 27946)
Compiled twitter/bootstrap/bootstrap-carousel.js  (1ms)  (pid 27946)
Compiled twitter/bootstrap/bootstrap-typeahead.js  (1ms)  (pid 27946)
Compiled twitter/bootstrap/bootstrap-affix.js  (1ms)  (pid 27946)
Compiled twitter/bootstrap.js  (377ms)  (pid 27946)
Compiled jquery.inview.min.js  (1ms)  (pid 27946)
Compiled jquery.inview.js  (1ms)  (pid 27946)
Compiled bootstrap.js  (320ms)  (pid 27946)
Compiled endless.js  (0ms)  (pid 27946)
Compiled personal_infos.js  (3ms)  (pid 27946)
Compiled quastions.js  (15ms)  (pid 27946)
Compiled thoughts.js  (12ms)  (pid 27946)
Compiled users.js  (2ms)  (pid 27946)
Compiled users/omniauth_callbacks.js  (2ms)  (pid 27946)
Compiled application.js  (1015ms)  (pid 27946)
Compiled twitter-bootstrap-static/bootstrap.css  (274ms)  (pid 27946)
Compiled twitter-bootstrap-static/fontawesome.css  (186ms)  (pid 27946)
Compiled bootstrap_and_overrides.css  (515ms)  (pid 27946)
Compiled personal_infos.css  (29ms)  (pid 27946)
Compiled quastions.css  (75ms)  (pid 27946)
Compiled scaffolds.css  (48ms)  (pid 27946)
Compiled thoughts.css  (4ms)  (pid 27946)
Compiled users.css  (4ms)  (pid 27946)
Compiled users/omniauth_callbacks.css  (4ms)  (pid 27946)
Compiled application.css  (873ms)  (pid 27946)
Compiled jquery_ujs.js  (1ms)  (pid 27946)
Compiled twitter/bootstrap/bootstrap-transition.js  (1ms)  (pid 27946)
Compiled twitter/bootstrap/bootstrap-alert.js  (1ms)  (pid 27946)
Compiled twitter/bootstrap/bootstrap-modal.js  (1ms)  (pid 27946)
Compiled twitter/bootstrap/bootstrap-dropdown.js  (1ms)  (pid 27946)
Compiled twitter/bootstrap/bootstrap-scrollspy.js  (1ms)  (pid 27946)
Compiled twitter/bootstrap/bootstrap-tab.js  (1ms)  (pid 27946)
Compiled twitter/bootstrap/bootstrap-tooltip.js  (1ms)  (pid 27946)
Compiled twitter/bootstrap/bootstrap-popover.js  (1ms)  (pid 27946)
Compiled twitter/bootstrap/bootstrap-button.js  (1ms)  (pid 27946)
Compiled twitter/bootstrap/bootstrap-collapse.js  (1ms)  (pid 27946)
Compiled twitter/bootstrap/bootstrap-carousel.js  (1ms)  (pid 27946)
Compiled twitter/bootstrap/bootstrap-typeahead.js  (1ms)  (pid 27946)
Compiled twitter/bootstrap/bootstrap-affix.js  (1ms)  (pid 27946)
Compiled twitter/bootstrap.js  (371ms)  (pid 27946)
Compiled jquery.inview.min.js  (1ms)  (pid 27946)
Compiled jquery.inview.js  (1ms)  (pid 27946)
Compiled bootstrap.js  (321ms)  (pid 27946)
Compiled endless.js  (1ms)  (pid 27946)
Compiled personal_infos.js  (3ms)  (pid 27946)
Compiled quastions.js  (15ms)  (pid 27946)
Compiled thoughts.js  (12ms)  (pid 27946)
Compiled users.js  (2ms)  (pid 27946)
Compiled users/omniauth_callbacks.js  (2ms)  (pid 27946)
Compiled application.js  (1010ms)  (pid 27946)
Compiled twitter-bootstrap-static/bootstrap.css  (273ms)  (pid 27946)
Compiled twitter-bootstrap-static/fontawesome.css  (60ms)  (pid 27946)
Compiled bootstrap_and_overrides.css  (388ms)  (pid 27946)
Compiled personal_infos.css  (100ms)  (pid 27946)
Compiled quastions.css  (76ms)  (pid 27946)
Compiled scaffolds.css  (48ms)  (pid 27946)
Compiled thoughts.css  (4ms)  (pid 27946)
Compiled users.css  (4ms)  (pid 27946)
Compiled users/omniauth_callbacks.css  (3ms)  (pid 27946)
Compiled application.css  (737ms)  (pid 27946)
Compiled jquery.js  (6ms)  (pid 28210)
Compiled jquery_ujs.js  (1ms)  (pid 28210)
Compiled twitter/bootstrap/bootstrap-transition.js  (1ms)  (pid 28210)
Compiled twitter/bootstrap/bootstrap-alert.js  (1ms)  (pid 28210)
Compiled twitter/bootstrap/bootstrap-modal.js  (1ms)  (pid 28210)
Compiled twitter/bootstrap/bootstrap-dropdown.js  (1ms)  (pid 28210)
Compiled twitter/bootstrap/bootstrap-scrollspy.js  (1ms)  (pid 28210)
Compiled twitter/bootstrap/bootstrap-tab.js  (1ms)  (pid 28210)
Compiled twitter/bootstrap/bootstrap-tooltip.js  (1ms)  (pid 28210)
Compiled twitter/bootstrap/bootstrap-popover.js  (1ms)  (pid 28210)
Compiled twitter/bootstrap/bootstrap-button.js  (1ms)  (pid 28210)
Compiled twitter/bootstrap/bootstrap-collapse.js  (1ms)  (pid 28210)
Compiled twitter/bootstrap/bootstrap-carousel.js  (1ms)  (pid 28210)
Compiled twitter/bootstrap/bootstrap-typeahead.js  (1ms)  (pid 28210)
Compiled twitter/bootstrap/bootstrap-affix.js  (1ms)  (pid 28210)
Compiled twitter/bootstrap.js  (376ms)  (pid 28210)
Compiled jquery.inview.min.js  (1ms)  (pid 28210)
Compiled jquery.inview.js  (1ms)  (pid 28210)
Compiled bootstrap.js  (322ms)  (pid 28210)
Compiled endless.js  (1ms)  (pid 28210)
Compiled personal_infos.js  (3ms)  (pid 28210)
Compiled quastions.js  (15ms)  (pid 28210)
Compiled thoughts.js  (12ms)  (pid 28210)
Compiled users.js  (2ms)  (pid 28210)
Compiled users/omniauth_callbacks.js  (3ms)  (pid 28210)
Compiled application.js  (1057ms)  (pid 28210)
Compiled twitter-bootstrap-static/bootstrap.css  (278ms)  (pid 28210)
Compiled twitter-bootstrap-static/fontawesome.css  (112ms)  (pid 28210)
Compiled bootstrap_and_overrides.css  (518ms)  (pid 28210)
Compiled personal_infos.css  (30ms)  (pid 28210)
Compiled quastions.css  (76ms)  (pid 28210)
Compiled scaffolds.css  (48ms)  (pid 28210)
Compiled thoughts.css  (4ms)  (pid 28210)
Compiled users.css  (4ms)  (pid 28210)
Compiled users/omniauth_callbacks.css  (3ms)  (pid 28210)
Compiled application.css  (801ms)  (pid 28210)
Compiled jquery.js  (7ms)  (pid 28210)
Compiled jquery_ujs.js  (1ms)  (pid 28210)
Compiled twitter/bootstrap/bootstrap-transition.js  (1ms)  (pid 28210)
Compiled twitter/bootstrap/bootstrap-alert.js  (1ms)  (pid 28210)
Compiled twitter/bootstrap/bootstrap-modal.js  (1ms)  (pid 28210)
Compiled twitter/bootstrap/bootstrap-dropdown.js  (1ms)  (pid 28210)
Compiled twitter/bootstrap/bootstrap-scrollspy.js  (1ms)  (pid 28210)
Compiled twitter/bootstrap/bootstrap-tab.js  (1ms)  (pid 28210)
Compiled twitter/bootstrap/bootstrap-tooltip.js  (1ms)  (pid 28210)
Compiled twitter/bootstrap/bootstrap-popover.js  (1ms)  (pid 28210)
Compiled twitter/bootstrap/bootstrap-button.js  (1ms)  (pid 28210)
Compiled twitter/bootstrap/bootstrap-collapse.js  (1ms)  (pid 28210)
Compiled twitter/bootstrap/bootstrap-carousel.js  (1ms)  (pid 28210)
Compiled twitter/bootstrap/bootstrap-typeahead.js  (1ms)  (pid 28210)
Compiled twitter/bootstrap/bootstrap-affix.js  (1ms)  (pid 28210)
Compiled twitter/bootstrap.js  (369ms)  (pid 28210)
Compiled jquery.inview.min.js  (1ms)  (pid 28210)
Compiled jquery.inview.js  (1ms)  (pid 28210)
Compiled bootstrap.js  (319ms)  (pid 28210)
Compiled endless.js  (0ms)  (pid 28210)
Compiled personal_infos.js  (3ms)  (pid 28210)
Compiled quastions.js  (15ms)  (pid 28210)
Compiled thoughts.js  (12ms)  (pid 28210)
Compiled users.js  (2ms)  (pid 28210)
Compiled users/omniauth_callbacks.js  (2ms)  (pid 28210)
Compiled application.js  (1113ms)  (pid 28210)
Compiled twitter-bootstrap-static/bootstrap.css  (289ms)  (pid 28210)
Compiled twitter-bootstrap-static/fontawesome.css  (68ms)  (pid 28210)
Compiled bootstrap_and_overrides.css  (419ms)  (pid 28210)
Compiled personal_infos.css  (101ms)  (pid 28210)
Compiled quastions.css  (76ms)  (pid 28210)
Compiled scaffolds.css  (48ms)  (pid 28210)
Compiled thoughts.css  (4ms)  (pid 28210)
Compiled users.css  (4ms)  (pid 28210)
Compiled users/omniauth_callbacks.css  (3ms)  (pid 28210)
Compiled application.css  (775ms)  (pid 28210)
